<?xml version="1.0" encoding="UTF-8"?>
<!-- Generated by org.testng.reporters.JUnitXMLReporter -->
<testsuite ignored="2" hostname="WS-19080" failures="0" tests="1" name="Default test" time="8.414" errors="0" timestamp="2025-07-20T15:09:29 IST">
  <testcase classname="com.ui.tests.LoginTest" name="loginExcelTest" time="1.923"/>
  <testcase classname="com.ui.tests.LoginTest" name="loginJsonTest" time="0.0">
    <ignored/>
  </testcase> <!-- loginJsonTest -->
  <testcase classname="com.ui.tests.LoginTest" name="loginCSVTest" time="0.0">
    <ignored/>
  </testcase> <!-- loginCSVTest -->
</testsuite> <!-- Default test -->
