<?xml version="1.0" encoding="UTF-8"?>
<!-- Generated by org.testng.reporters.JUnitXMLReporter -->
<testsuite ignored="0" hostname="WS-19080" failures="1" tests="2" name="ErrorValidation Test" time="5.379" errors="0" timestamp="2025-02-16T18:22:30 IST">
  <testcase classname="AutomationFramework.tests.ErrorValidationTest" name="ProductErrorValidation" time="0.589">
    <failure type="java.lang.NullPointerException" message="Cannot invoke &amp;quot;org.openqa.selenium.WebElement.findElement(org.openqa.selenium.By)&amp;quot; because &amp;quot;prod&amp;quot; is null">
      <![CDATA[java.lang.NullPointerException: Cannot invoke "org.openqa.selenium.WebElement.findElement(org.openqa.selenium.By)" because "prod" is null
at AutomationFramework.Pageobjects.ProductCatalogue.addPrdtocart(ProductCatalogue.java:57)
at AutomationFramework.tests.ErrorValidationTest.ProductErrorValidation(ErrorValidationTest.java:51)
at java.base/java.util.ArrayList.forEach(ArrayList.java:1597)
at java.base/java.util.concurrent.FutureTask.run(FutureTask.java:317)
at java.base/java.util.concurrent.ThreadPoolExecutor.runWorker(ThreadPoolExecutor.java:1144)
at java.base/java.util.concurrent.ThreadPoolExecutor$Worker.run(ThreadPoolExecutor.java:642)
at java.base/java.lang.Thread.run(Thread.java:1575)
... Removed 16 stack frames]]>
    </failure>
  </testcase> <!-- ProductErrorValidation -->
  <testcase classname="AutomationFramework.tests.ErrorValidationTest" name="incorrectCreds" time="0.348"/>
</testsuite> <!-- ErrorValidation Test -->
