<?xml version="1.0" encoding="UTF-8"?>
<!-- Generated by org.testng.reporters.JUnitXMLReporter -->
<testsuite ignored="0" hostname="WS-19080" failures="0" tests="2" name="ErrorValidation Test" time="20.486" errors="0" timestamp="2025-02-22T23:50:42 IST">
  <testcase classname="AutomationFramework.tests.ErrorValidationTest" name="ProductErrorValidation" time="12.439"/>
  <testcase classname="AutomationFramework.tests.ErrorValidationTest" name="incorrectCreds" time="0.356"/>
</testsuite> <!-- ErrorValidation Test -->
