<?xml version="1.0" encoding="UTF-8"?>
<!-- Generated by org.testng.reporters.JUnitXMLReporter -->
<testsuite ignored="0" hostname="WS-19080" failures="0" tests="4" name="Submit order Test" time="36.771" errors="0" timestamp="2025-02-22T13:07:27 IST">
  <testcase classname="AutomationFramework.tests.SubmitorderTest" name="submitorder" time="13.865"/>
  <testcase classname="AutomationFramework.tests.SubmitorderTest" name="submitorder" time="13.297"/>
  <testcase classname="AutomationFramework.tests.SubmitorderTest" name="Verifyorder" time="0.684"/>
  <testcase classname="AutomationFramework.tests.SubmitorderTest" name="Verifyorder" time="0.639"/>
</testsuite> <!-- Submit order Test -->
