<?xml version="1.0" encoding="UTF-8"?>
<!-- Generated by org.testng.reporters.JUnitXMLReporter -->
<testsuite ignored="0" hostname="DESKTOP-6BCGIB4" failures="0" tests="4" name="Submit order Test" time="43.373" errors="0" timestamp="2025-01-26T18:13:55 IST">
  <testcase classname="AutomationFramework.tests.SubmitorderTest" name="submitorder" time="14.978"/>
  <testcase classname="AutomationFramework.tests.SubmitorderTest" name="submitorder" time="14.073"/>
  <testcase classname="AutomationFramework.tests.SubmitorderTest" name="Verifyorder" time="0.819"/>
  <testcase classname="AutomationFramework.tests.SubmitorderTest" name="Verifyorder" time="0.818"/>
</testsuite> <!-- Submit order Test -->
