<?xml version="1.0" encoding="UTF-8"?>
<!-- Generated by org.testng.reporters.JUnitXMLReporter -->
<testsuite ignored="0" hostname="DESKTOP-6BCGIB4" failures="0" tests="4" name="Submit order Test" time="43.391" errors="0" timestamp="2025-01-18T16:57:51 IST">
  <testcase classname="AutomationFramework.tests.SubmitorderTest" name="submitorder" time="14.619"/>
  <testcase classname="AutomationFramework.tests.SubmitorderTest" name="submitorder" time="14.629"/>
  <testcase classname="AutomationFramework.tests.SubmitorderTest" name="Verifyorder" time="0.632"/>
  <testcase classname="AutomationFramework.tests.SubmitorderTest" name="Verifyorder" time="0.77"/>
</testsuite> <!-- Submit order Test -->
