<?xml version="1.0" encoding="UTF-8"?>
<testsuite xmlns:xsi="http://www.w3.org/2001/XMLSchema-instance" xsi:noNamespaceSchemaLocation="https://maven.apache.org/surefire/maven-surefire-plugin/xsd/surefire-test-report-3.0.xsd" version="3.0" name="TestSuite" time="31.491" tests="7" errors="0" skipped="1" failures="3">
  <properties>
[...]
</properties>
  <testcase name="loginCSVTest[User [emailAddress=sandsj@yopmail.com, password=pass123]](1)" classname="com.ui.tests.LoginTest" time="0.0">
    <skipped message="no such element: Unable to locate element: {&quot;method&quot;:&quot;xpath&quot;,&quot;selector&quot;:&quot;//a[@title=&apos;View my customer account&apos;]&quot;}&#10;  (Session info: chrome=138.0.7204.158)&#10;For documentation on this error, please visit: https://www.selenium.dev/documentation/webdriver/troubleshooting/errors#no-such-element-exception&#10;Build info: version: &apos;4.33.0&apos;, revision: &apos;2c6aaad03a&apos;&#10;System info: os.name: &apos;Windows 11&apos;, os.arch: &apos;amd64&apos;, os.version: &apos;10.0&apos;, java.version: &apos;23.0.2&apos;&#10;Driver info: org.openqa.selenium.chrome.ChromeDriver&#10;Command: [a62f4dbda3b88b1ddc6acb653dd8a456, findElement {using=xpath, value=//a[@title=&apos;View my customer account&apos;]}]&#10;Capabilities {acceptInsecureCerts: false, browserName: chrome, browserVersion: 138.0.7204.158, chrome: {chromedriverVersion: 138.0.7204.157 (e533e98b126..., userDataDir: C:\Users\sata0222\AppData\L...}, fedcm:accounts: true, goog:chromeOptions: {debuggerAddress: localhost:53269}, networkConnectionEnabled: false, pageLoadStrategy: normal, platformName: windows, proxy: Proxy(), se:cdp: ws://localhost:53269/devtoo..., se:cdpVersion: 138.0.7204.158, setWindowRect: true, strictFileInteractability: false, timeouts: {implicit: 0, pageLoad: 300000, script: 30000}, unhandledPromptBehavior: dismiss and notify, webauthn:extension:credBlob: true, webauthn:extension:largeBlob: true, webauthn:extension:minPinLength: true, webauthn:extension:prf: true, webauthn:virtualAuthenticators: true}&#10;Session ID: a62f4dbda3b88b1ddc6acb653dd8a456"/>
    <system-out><![CDATA[2025-07-20 15:27:40 [main] INFO  com.ui.listeners.TestListeners::onStart::76 - Test Suite Started
2025-07-20 15:27:40 [TestNG-test=UI Automation Test-3] INFO  com.ui.tests.LoginTest::setUp::43 - Load the home page of this website
2025-07-20 15:27:40 [TestNG-test=UI Automation Test-1] INFO  com.ui.tests.LoginTest::setUp::43 - Load the home page of this website
2025-07-20 15:27:40 [TestNG-test=UI Automation Test-1] INFO  com.ui.pages.HomePage::<init>::87 - Launching Browser for CHROME
2025-07-20 15:27:40 [TestNG-test=UI Automation Test-3] INFO  com.ui.pages.HomePage::<init>::87 - Launching Browser for CHROME
2025-07-20 15:27:41 [TestNG-test=UI Automation Test-2] INFO  com.ui.tests.LoginTest::setUp::43 - Load the home page of this website
2025-07-20 15:27:41 [TestNG-test=UI Automation Test-2] INFO  com.ui.pages.HomePage::<init>::87 - Launching Browser for CHROME
2025-07-20 15:27:42 [TestNG-test=UI Automation Test-3] INFO  com.ui.pages.HomePage::goToWebsite::130 - Visiting the Website http://www.automationpractice.pl/
2025-07-20 15:27:42 [TestNG-test=UI Automation Test-1] INFO  com.ui.pages.HomePage::goToWebsite::130 - Visiting the Website http://www.automationpractice.pl/
2025-07-20 15:27:43 [TestNG-test=UI Automation Test-2] INFO  com.ui.pages.HomePage::goToWebsite::130 - Visiting the Website http://www.automationpractice.pl/
2025-07-20 15:27:47 [TestNG-test=UI Automation Test-1] INFO  com.ui.listeners.TestListeners::onTestStart::29 - loginCSVTest
2025-07-20 15:27:47 [TestNG-test=UI Automation Test-1] INFO  com.ui.listeners.TestListeners::onTestStart::30 - Verifies with valid user is able to login into Application
2025-07-20 15:27:47 [TestNG-test=UI Automation Test-1] INFO  com.ui.listeners.TestListeners::onTestStart::31 - [e2e, sanity]
2025-07-20 15:27:47 [TestNG-test=UI Automation Test-1] INFO  com.ui.pages.HomePage::goToLoginPage::37 - Performing click to go to sign in Page
2025-07-20 15:27:47 [TestNG-test=UI Automation Test-1] INFO  com.ui.pages.HomePage::clickOn::146 - Finding element with the locator By.linkText: Sign in
2025-07-20 15:27:47 [TestNG-test=UI Automation Test-1] INFO  com.ui.pages.HomePage::clickOn::150 - Element found now performing click By.linkText: Sign in
2025-07-20 15:27:47 [TestNG-test=UI Automation Test-3] INFO  com.ui.listeners.TestListeners::onTestStart::29 - loginJsonTest
2025-07-20 15:27:47 [TestNG-test=UI Automation Test-3] INFO  com.ui.listeners.TestListeners::onTestStart::30 - Verifies with valid user is able to login into Application
2025-07-20 15:27:47 [TestNG-test=UI Automation Test-3] INFO  com.ui.listeners.TestListeners::onTestStart::31 - [e2e, sanity]
2025-07-20 15:27:47 [TestNG-test=UI Automation Test-3] INFO  com.ui.pages.HomePage::goToLoginPage::37 - Performing click to go to sign in Page
2025-07-20 15:27:47 [TestNG-test=UI Automation Test-3] INFO  com.ui.pages.HomePage::clickOn::146 - Finding element with the locator By.linkText: Sign in
2025-07-20 15:27:47 [TestNG-test=UI Automation Test-3] INFO  com.ui.pages.HomePage::clickOn::150 - Element found now performing click By.linkText: Sign in
2025-07-20 15:27:47 [TestNG-test=UI Automation Test-2] INFO  com.ui.listeners.TestListeners::onTestStart::29 - loginExcelTest
2025-07-20 15:27:47 [TestNG-test=UI Automation Test-2] INFO  com.ui.listeners.TestListeners::onTestStart::30 - Verifies with valid user is able to login into Application
2025-07-20 15:27:47 [TestNG-test=UI Automation Test-2] INFO  com.ui.listeners.TestListeners::onTestStart::31 - [e2e, sanity]
2025-07-20 15:27:47 [TestNG-test=UI Automation Test-2] INFO  com.ui.pages.HomePage::goToLoginPage::37 - Performing click to go to sign in Page
2025-07-20 15:27:47 [TestNG-test=UI Automation Test-2] INFO  com.ui.pages.HomePage::clickOn::146 - Finding element with the locator By.linkText: Sign in
2025-07-20 15:27:47 [TestNG-test=UI Automation Test-2] INFO  com.ui.pages.HomePage::clickOn::150 - Element found now performing click By.linkText: Sign in
2025-07-20 15:27:47 [TestNG-test=UI Automation Test-1] INFO  com.ui.pages.LoginPage::enterText::157 - Finding element with the locator By.id: email
2025-07-20 15:27:47 [TestNG-test=UI Automation Test-1] INFO  com.ui.pages.LoginPage::enterText::161 - Element found now entering text sandsj@yopmail.com
2025-07-20 15:27:48 [TestNG-test=UI Automation Test-1] INFO  com.ui.pages.LoginPage::enterText::157 - Finding element with the locator By.id: passwd
2025-07-20 15:27:48 [TestNG-test=UI Automation Test-1] INFO  com.ui.pages.LoginPage::enterText::161 - Element found now entering text pass123
2025-07-20 15:27:48 [TestNG-test=UI Automation Test-3] INFO  com.ui.pages.LoginPage::enterText::157 - Finding element with the locator By.id: email
2025-07-20 15:27:48 [TestNG-test=UI Automation Test-3] INFO  com.ui.pages.LoginPage::enterText::161 - Element found now entering text testimrail@yopmail.com
2025-07-20 15:27:48 [TestNG-test=UI Automation Test-1] INFO  com.ui.pages.LoginPage::clickOn::146 - Finding element with the locator By.id: SubmitLogin
2025-07-20 15:27:48 [TestNG-test=UI Automation Test-1] INFO  com.ui.pages.LoginPage::clickOn::150 - Element found now performing click By.id: SubmitLogin
2025-07-20 15:27:48 [TestNG-test=UI Automation Test-3] INFO  com.ui.pages.LoginPage::enterText::157 - Finding element with the locator By.id: passwd
2025-07-20 15:27:48 [TestNG-test=UI Automation Test-3] INFO  com.ui.pages.LoginPage::enterText::161 - Element found now entering text password
2025-07-20 15:27:48 [TestNG-test=UI Automation Test-3] INFO  com.ui.pages.LoginPage::clickOn::146 - Finding element with the locator By.id: SubmitLogin
2025-07-20 15:27:48 [TestNG-test=UI Automation Test-3] INFO  com.ui.pages.LoginPage::clickOn::150 - Element found now performing click By.id: SubmitLogin
2025-07-20 15:27:48 [TestNG-test=UI Automation Test-2] INFO  com.ui.pages.LoginPage::enterText::157 - Finding element with the locator By.id: email
2025-07-20 15:27:48 [TestNG-test=UI Automation Test-2] INFO  com.ui.pages.LoginPage::enterText::161 - Element found now entering text testimrail@yopmail.com
2025-07-20 15:27:48 [TestNG-test=UI Automation Test-1] INFO  com.ui.pages.MyAccountPage::getVisibleText::169 - Finding element with the locator By.xpath: //a[@title='View my customer account']
2025-07-20 15:27:48 [TestNG-test=UI Automation Test-1] WARN  com.ui.listeners.TestListeners::onTestSkipped::71 - loginCSVTest SKIPPED
]]></system-out>
    <system-err><![CDATA[Jul 20, 2025 3:27:42 PM org.openqa.selenium.devtools.CdpVersionFinder findNearestMatch
WARNING: Unable to find an exact match for CDP version 138, returning the closest version; found: 137; Please update to a Selenium version that supports CDP version 138
Jul 20, 2025 3:27:42 PM org.openqa.selenium.devtools.CdpVersionFinder findNearestMatch
WARNING: Unable to find an exact match for CDP version 138, returning the closest version; found: 137; Please update to a Selenium version that supports CDP version 138
Jul 20, 2025 3:27:43 PM org.openqa.selenium.devtools.CdpVersionFinder findNearestMatch
WARNING: Unable to find an exact match for CDP version 138, returning the closest version; found: 137; Please update to a Selenium version that supports CDP version 138
]]></system-err>
  </testcase>
  <testcase name="loginJsonTest[User [emailAddress=testimrail@yopmail.com, password=password]](1)" classname="com.ui.tests.LoginTest" time="1.589">
    <system-out><![CDATA[2025-07-20 15:27:48 [TestNG-test=UI Automation Test-2] INFO  com.ui.pages.LoginPage::enterText::157 - Finding element with the locator By.id: passwd
2025-07-20 15:27:48 [TestNG-test=UI Automation Test-2] INFO  com.ui.pages.LoginPage::enterText::161 - Element found now entering text password
2025-07-20 15:27:48 [TestNG-test=UI Automation Test-2] INFO  com.ui.pages.LoginPage::clickOn::146 - Finding element with the locator By.id: SubmitLogin
2025-07-20 15:27:48 [TestNG-test=UI Automation Test-2] INFO  com.ui.pages.LoginPage::clickOn::150 - Element found now performing click By.id: SubmitLogin
2025-07-20 15:27:49 [TestNG-test=UI Automation Test-2] INFO  com.ui.pages.MyAccountPage::getVisibleText::169 - Finding element with the locator By.xpath: //a[@title='View my customer account']
2025-07-20 15:27:49 [TestNG-test=UI Automation Test-1] INFO  com.ui.tests.LoginTest::setUp::43 - Load the home page of this website
2025-07-20 15:27:49 [TestNG-test=UI Automation Test-1] INFO  com.ui.pages.HomePage::<init>::87 - Launching Browser for CHROME
2025-07-20 15:27:49 [TestNG-test=UI Automation Test-3] INFO  com.ui.pages.MyAccountPage::getVisibleText::169 - Finding element with the locator By.xpath: //a[@title='View my customer account']
2025-07-20 15:27:49 [TestNG-test=UI Automation Test-3] INFO  com.ui.pages.MyAccountPage::getVisibleText::173 - Element found now returning visible text Saman Sahu
2025-07-20 15:27:49 [TestNG-test=UI Automation Test-3] INFO  com.ui.listeners.TestListeners::onTestSuccess::37 - loginJsonTest PASSED
]]></system-out>
  </testcase>
  <testcase name="loginExcelTest[User [emailAddress=testimrail@yopmail.com, password=password]](1)" classname="com.ui.tests.LoginTest" time="2.409">
    <system-out><![CDATA[2025-07-20 15:27:49 [TestNG-test=UI Automation Test-3] INFO  com.ui.tests.LoginTest::setUp::43 - Load the home page of this website
2025-07-20 15:27:49 [TestNG-test=UI Automation Test-3] INFO  com.ui.pages.HomePage::<init>::87 - Launching Browser for CHROME
2025-07-20 15:27:50 [TestNG-test=UI Automation Test-2] INFO  com.ui.pages.MyAccountPage::getVisibleText::173 - Element found now returning visible text Saman Sahu
2025-07-20 15:27:50 [TestNG-test=UI Automation Test-2] INFO  com.ui.listeners.TestListeners::onTestSuccess::37 - loginExcelTest PASSED
]]></system-out>
  </testcase>
  <testcase name="loginJsonTest[User [emailAddress=sandsj@yopmail.com, password=password]](2)" classname="com.ui.tests.LoginTest" time="1.209">
    <failure message="no such element: Unable to locate element: {&quot;method&quot;:&quot;xpath&quot;,&quot;selector&quot;:&quot;//a[@title=&apos;View my customer account&apos;]&quot;}&#10;  (Session info: chrome=138.0.7204.158)&#10;For documentation on this error, please visit: https://www.selenium.dev/documentation/webdriver/troubleshooting/errors#no-such-element-exception&#10;Build info: version: &apos;4.33.0&apos;, revision: &apos;2c6aaad03a&apos;&#10;System info: os.name: &apos;Windows 11&apos;, os.arch: &apos;amd64&apos;, os.version: &apos;10.0&apos;, java.version: &apos;23.0.2&apos;&#10;Driver info: org.openqa.selenium.chrome.ChromeDriver&#10;Command: [f80fc298508f40331218a12a64456f6b, findElement {using=xpath, value=//a[@title=&apos;View my customer account&apos;]}]&#10;Capabilities {acceptInsecureCerts: false, browserName: chrome, browserVersion: 138.0.7204.158, chrome: {chromedriverVersion: 138.0.7204.157 (e533e98b126..., userDataDir: C:\Users\sata0222\AppData\L...}, fedcm:accounts: true, goog:chromeOptions: {debuggerAddress: localhost:53385}, networkConnectionEnabled: false, pageLoadStrategy: normal, platformName: windows, proxy: Proxy(), se:cdp: ws://localhost:53385/devtoo..., se:cdpVersion: 138.0.7204.158, setWindowRect: true, strictFileInteractability: false, timeouts: {implicit: 0, pageLoad: 300000, script: 30000}, unhandledPromptBehavior: dismiss and notify, webauthn:extension:credBlob: true, webauthn:extension:largeBlob: true, webauthn:extension:minPinLength: true, webauthn:extension:prf: true, webauthn:virtualAuthenticators: true}&#10;Session ID: f80fc298508f40331218a12a64456f6b" type="org.openqa.selenium.NoSuchElementException"><![CDATA[org.openqa.selenium.NoSuchElementException: 
no such element: Unable to locate element: {"method":"xpath","selector":"//a[@title='View my customer account']"}
  (Session info: chrome=138.0.7204.158)
For documentation on this error, please visit: https://www.selenium.dev/documentation/webdriver/troubleshooting/errors#no-such-element-exception
Build info: version: '4.33.0', revision: '2c6aaad03a'
System info: os.name: 'Windows 11', os.arch: 'amd64', os.version: '10.0', java.version: '23.0.2'
Driver info: org.openqa.selenium.chrome.ChromeDriver
Command: [f80fc298508f40331218a12a64456f6b, findElement {using=xpath, value=//a[@title='View my customer account']}]
Capabilities {acceptInsecureCerts: false, browserName: chrome, browserVersion: 138.0.7204.158, chrome: {chromedriverVersion: 138.0.7204.157 (e533e98b126..., userDataDir: C:\Users\sata0222\AppData\L...}, fedcm:accounts: true, goog:chromeOptions: {debuggerAddress: localhost:53385}, networkConnectionEnabled: false, pageLoadStrategy: normal, platformName: windows, proxy: Proxy(), se:cdp: ws://localhost:53385/devtoo..., se:cdpVersion: 138.0.7204.158, setWindowRect: true, strictFileInteractability: false, timeouts: {implicit: 0, pageLoad: 300000, script: 30000}, unhandledPromptBehavior: dismiss and notify, webauthn:extension:credBlob: true, webauthn:extension:largeBlob: true, webauthn:extension:minPinLength: true, webauthn:extension:prf: true, webauthn:virtualAuthenticators: true}
Session ID: f80fc298508f40331218a12a64456f6b
	at java.base/jdk.internal.reflect.DirectConstructorHandleAccessor.newInstance(DirectConstructorHandleAccessor.java:62)
	at java.base/java.lang.reflect.Constructor.newInstanceWithCaller(Constructor.java:501)
	at java.base/java.lang.reflect.Constructor.newInstance(Constructor.java:485)
	at org.openqa.selenium.remote.ErrorCodec.decode(ErrorCodec.java:167)
	at org.openqa.selenium.remote.codec.w3c.W3CHttpResponseCodec.decode(W3CHttpResponseCodec.java:138)
	at org.openqa.selenium.remote.codec.w3c.W3CHttpResponseCodec.decode(W3CHttpResponseCodec.java:50)
	at org.openqa.selenium.remote.HttpCommandExecutor.execute(HttpCommandExecutor.java:215)
	at org.openqa.selenium.remote.service.DriverCommandExecutor.invokeExecute(DriverCommandExecutor.java:216)
	at org.openqa.selenium.remote.service.DriverCommandExecutor.execute(DriverCommandExecutor.java:174)
	at org.openqa.selenium.remote.RemoteWebDriver.execute(RemoteWebDriver.java:544)
	at org.openqa.selenium.remote.ElementLocation$ElementFinder$2.findElement(ElementLocation.java:165)
	at org.openqa.selenium.remote.ElementLocation.findElement(ElementLocation.java:59)
	at org.openqa.selenium.remote.RemoteWebDriver.findElement(RemoteWebDriver.java:367)
	at org.openqa.selenium.remote.RemoteWebDriver.findElement(RemoteWebDriver.java:361)
	at com.utility.BrowserUtility.getVisibleText(BrowserUtility.java:171)
	at com.ui.pages.MyAccountPage.getUserName(MyAccountPage.java:20)
	at com.ui.tests.LoginTest.loginJsonTest(LoginTest.java:72)
	at java.base/jdk.internal.reflect.DirectMethodHandleAccessor.invoke(DirectMethodHandleAccessor.java:103)
	at java.base/java.lang.reflect.Method.invoke(Method.java:580)
	at org.testng.internal.MethodInvocationHelper.invokeMethod(MethodInvocationHelper.java:133)
	at org.testng.internal.TestInvoker.invokeMethod(TestInvoker.java:598)
	at org.testng.internal.TestInvoker.invokeTestMethod(TestInvoker.java:173)
	at org.testng.internal.MethodRunner.runInSequence(MethodRunner.java:46)
	at org.testng.internal.TestInvoker$MethodInvocationAgent.invoke(TestInvoker.java:824)
	at org.testng.internal.TestInvoker.invokeTestMethods(TestInvoker.java:146)
	at org.testng.internal.TestMethodWorker.invokeTestMethods(TestMethodWorker.java:146)
	at org.testng.internal.TestMethodWorker.run(TestMethodWorker.java:128)
	at java.base/java.util.concurrent.ThreadPoolExecutor.runWorker(ThreadPoolExecutor.java:1144)
	at java.base/java.util.concurrent.ThreadPoolExecutor$Worker.run(ThreadPoolExecutor.java:642)
	at java.base/java.lang.Thread.run(Thread.java:1575)
]]></failure>
    <system-out><![CDATA[2025-07-20 15:27:50 [TestNG-test=UI Automation Test-1] INFO  com.ui.pages.HomePage::goToWebsite::130 - Visiting the Website http://www.automationpractice.pl/
2025-07-20 15:27:50 [TestNG-test=UI Automation Test-3] INFO  com.ui.pages.HomePage::goToWebsite::130 - Visiting the Website http://www.automationpractice.pl/
2025-07-20 15:27:54 [TestNG-test=UI Automation Test-3] INFO  com.ui.listeners.TestListeners::onTestStart::29 - loginJsonTest
2025-07-20 15:27:54 [TestNG-test=UI Automation Test-3] INFO  com.ui.listeners.TestListeners::onTestStart::30 - Verifies with valid user is able to login into Application
2025-07-20 15:27:54 [TestNG-test=UI Automation Test-3] INFO  com.ui.listeners.TestListeners::onTestStart::31 - [e2e, sanity]
2025-07-20 15:27:54 [TestNG-test=UI Automation Test-3] INFO  com.ui.pages.HomePage::goToLoginPage::37 - Performing click to go to sign in Page
2025-07-20 15:27:54 [TestNG-test=UI Automation Test-3] INFO  com.ui.pages.HomePage::clickOn::146 - Finding element with the locator By.linkText: Sign in
2025-07-20 15:27:54 [TestNG-test=UI Automation Test-3] INFO  com.ui.pages.HomePage::clickOn::150 - Element found now performing click By.linkText: Sign in
2025-07-20 15:27:55 [TestNG-test=UI Automation Test-1] INFO  com.ui.listeners.TestListeners::onTestStart::29 - loginCSVTest
2025-07-20 15:27:55 [TestNG-test=UI Automation Test-1] INFO  com.ui.listeners.TestListeners::onTestStart::30 - Verifies with valid user is able to login into Application
2025-07-20 15:27:55 [TestNG-test=UI Automation Test-1] INFO  com.ui.listeners.TestListeners::onTestStart::31 - [e2e, sanity]
2025-07-20 15:27:55 [TestNG-test=UI Automation Test-1] INFO  com.ui.pages.HomePage::goToLoginPage::37 - Performing click to go to sign in Page
2025-07-20 15:27:55 [TestNG-test=UI Automation Test-1] INFO  com.ui.pages.HomePage::clickOn::146 - Finding element with the locator By.linkText: Sign in
2025-07-20 15:27:55 [TestNG-test=UI Automation Test-1] INFO  com.ui.pages.HomePage::clickOn::150 - Element found now performing click By.linkText: Sign in
2025-07-20 15:27:55 [TestNG-test=UI Automation Test-3] INFO  com.ui.pages.LoginPage::enterText::157 - Finding element with the locator By.id: email
2025-07-20 15:27:55 [TestNG-test=UI Automation Test-3] INFO  com.ui.pages.LoginPage::enterText::161 - Element found now entering text sandsj@yopmail.com
2025-07-20 15:27:55 [TestNG-test=UI Automation Test-3] INFO  com.ui.pages.LoginPage::enterText::157 - Finding element with the locator By.id: passwd
2025-07-20 15:27:55 [TestNG-test=UI Automation Test-3] INFO  com.ui.pages.LoginPage::enterText::161 - Element found now entering text password
2025-07-20 15:27:55 [TestNG-test=UI Automation Test-3] INFO  com.ui.pages.LoginPage::clickOn::146 - Finding element with the locator By.id: SubmitLogin
2025-07-20 15:27:55 [TestNG-test=UI Automation Test-3] INFO  com.ui.pages.LoginPage::clickOn::150 - Element found now performing click By.id: SubmitLogin
2025-07-20 15:27:55 [TestNG-test=UI Automation Test-1] INFO  com.ui.pages.LoginPage::enterText::157 - Finding element with the locator By.id: email
2025-07-20 15:27:55 [TestNG-test=UI Automation Test-1] INFO  com.ui.pages.LoginPage::enterText::161 - Element found now entering text sandsj@yopmail.com
2025-07-20 15:27:55 [TestNG-test=UI Automation Test-1] INFO  com.ui.pages.LoginPage::enterText::157 - Finding element with the locator By.id: passwd
2025-07-20 15:27:55 [TestNG-test=UI Automation Test-1] INFO  com.ui.pages.LoginPage::enterText::161 - Element found now entering text pass123
2025-07-20 15:27:56 [TestNG-test=UI Automation Test-1] INFO  com.ui.pages.LoginPage::clickOn::146 - Finding element with the locator By.id: SubmitLogin
2025-07-20 15:27:56 [TestNG-test=UI Automation Test-1] INFO  com.ui.pages.LoginPage::clickOn::150 - Element found now performing click By.id: SubmitLogin
2025-07-20 15:27:56 [TestNG-test=UI Automation Test-1] INFO  com.ui.pages.MyAccountPage::getVisibleText::169 - Finding element with the locator By.xpath: //a[@title='View my customer account']
2025-07-20 15:27:56 [TestNG-test=UI Automation Test-3] INFO  com.ui.pages.MyAccountPage::getVisibleText::169 - Finding element with the locator By.xpath: //a[@title='View my customer account']
2025-07-20 15:27:56 [TestNG-test=UI Automation Test-3] ERROR com.ui.listeners.TestListeners::onTestFailure::44 - loginJsonTest FAILED
2025-07-20 15:27:56 [TestNG-test=UI Automation Test-3] ERROR com.ui.listeners.TestListeners::onTestFailure::45 - no such element: Unable to locate element: {"method":"xpath","selector":"//a[@title='View my customer account']"}
  (Session info: chrome=138.0.7204.158)
For documentation on this error, please visit: https://www.selenium.dev/documentation/webdriver/troubleshooting/errors#no-such-element-exception
Build info: version: '4.33.0', revision: '2c6aaad03a'
System info: os.name: 'Windows 11', os.arch: 'amd64', os.version: '10.0', java.version: '23.0.2'
Driver info: org.openqa.selenium.chrome.ChromeDriver
Command: [f80fc298508f40331218a12a64456f6b, findElement {using=xpath, value=//a[@title='View my customer account']}]
Capabilities {acceptInsecureCerts: false, browserName: chrome, browserVersion: 138.0.7204.158, chrome: {chromedriverVersion: 138.0.7204.157 (e533e98b126..., userDataDir: C:\Users\sata0222\AppData\L...}, fedcm:accounts: true, goog:chromeOptions: {debuggerAddress: localhost:53385}, networkConnectionEnabled: false, pageLoadStrategy: normal, platformName: windows, proxy: Proxy(), se:cdp: ws://localhost:53385/devtoo..., se:cdpVersion: 138.0.7204.158, setWindowRect: true, strictFileInteractability: false, timeouts: {implicit: 0, pageLoad: 300000, script: 30000}, unhandledPromptBehavior: dismiss and notify, webauthn:extension:credBlob: true, webauthn:extension:largeBlob: true, webauthn:extension:minPinLength: true, webauthn:extension:prf: true, webauthn:virtualAuthenticators: true}
Session ID: f80fc298508f40331218a12a64456f6b
2025-07-20 15:27:56 [TestNG-test=UI Automation Test-3] INFO  com.ui.listeners.TestListeners::onTestFailure::62 - Capturing Screenshot for the failed test
2025-07-20 15:27:56 [TestNG-test=UI Automation Test-3] INFO  com.ui.listeners.TestListeners::onTestFailure::65 - Attaching Screenshot to the HTML File
]]></system-out>
    <system-err><![CDATA[Jul 20, 2025 3:27:50 PM org.openqa.selenium.devtools.CdpVersionFinder findNearestMatch
WARNING: Unable to find an exact match for CDP version 138, returning the closest version; found: 137; Please update to a Selenium version that supports CDP version 138
Jul 20, 2025 3:27:50 PM org.openqa.selenium.devtools.CdpVersionFinder findNearestMatch
WARNING: Unable to find an exact match for CDP version 138, returning the closest version; found: 137; Please update to a Selenium version that supports CDP version 138
]]></system-err>
  </testcase>
  <testcase name="loginCSVTest[User [emailAddress=sandsj@yopmail.com, password=pass123]](2)" classname="com.ui.tests.LoginTest" time="1.548">
    <failure message="no such element: Unable to locate element: {&quot;method&quot;:&quot;xpath&quot;,&quot;selector&quot;:&quot;//a[@title=&apos;View my customer account&apos;]&quot;}&#10;  (Session info: chrome=138.0.7204.158)&#10;For documentation on this error, please visit: https://www.selenium.dev/documentation/webdriver/troubleshooting/errors#no-such-element-exception&#10;Build info: version: &apos;4.33.0&apos;, revision: &apos;2c6aaad03a&apos;&#10;System info: os.name: &apos;Windows 11&apos;, os.arch: &apos;amd64&apos;, os.version: &apos;10.0&apos;, java.version: &apos;23.0.2&apos;&#10;Driver info: org.openqa.selenium.chrome.ChromeDriver&#10;Command: [4f27812f4dec26c8e1f1e7bd92d92550, findElement {using=xpath, value=//a[@title=&apos;View my customer account&apos;]}]&#10;Capabilities {acceptInsecureCerts: false, browserName: chrome, browserVersion: 138.0.7204.158, chrome: {chromedriverVersion: 138.0.7204.157 (e533e98b126..., userDataDir: C:\Users\sata0222\AppData\L...}, fedcm:accounts: true, goog:chromeOptions: {debuggerAddress: localhost:53364}, networkConnectionEnabled: false, pageLoadStrategy: normal, platformName: windows, proxy: Proxy(), se:cdp: ws://localhost:53364/devtoo..., se:cdpVersion: 138.0.7204.158, setWindowRect: true, strictFileInteractability: false, timeouts: {implicit: 0, pageLoad: 300000, script: 30000}, unhandledPromptBehavior: dismiss and notify, webauthn:extension:credBlob: true, webauthn:extension:largeBlob: true, webauthn:extension:minPinLength: true, webauthn:extension:prf: true, webauthn:virtualAuthenticators: true}&#10;Session ID: 4f27812f4dec26c8e1f1e7bd92d92550" type="org.openqa.selenium.NoSuchElementException"><![CDATA[org.openqa.selenium.NoSuchElementException: 
no such element: Unable to locate element: {"method":"xpath","selector":"//a[@title='View my customer account']"}
  (Session info: chrome=138.0.7204.158)
For documentation on this error, please visit: https://www.selenium.dev/documentation/webdriver/troubleshooting/errors#no-such-element-exception
Build info: version: '4.33.0', revision: '2c6aaad03a'
System info: os.name: 'Windows 11', os.arch: 'amd64', os.version: '10.0', java.version: '23.0.2'
Driver info: org.openqa.selenium.chrome.ChromeDriver
Command: [4f27812f4dec26c8e1f1e7bd92d92550, findElement {using=xpath, value=//a[@title='View my customer account']}]
Capabilities {acceptInsecureCerts: false, browserName: chrome, browserVersion: 138.0.7204.158, chrome: {chromedriverVersion: 138.0.7204.157 (e533e98b126..., userDataDir: C:\Users\sata0222\AppData\L...}, fedcm:accounts: true, goog:chromeOptions: {debuggerAddress: localhost:53364}, networkConnectionEnabled: false, pageLoadStrategy: normal, platformName: windows, proxy: Proxy(), se:cdp: ws://localhost:53364/devtoo..., se:cdpVersion: 138.0.7204.158, setWindowRect: true, strictFileInteractability: false, timeouts: {implicit: 0, pageLoad: 300000, script: 30000}, unhandledPromptBehavior: dismiss and notify, webauthn:extension:credBlob: true, webauthn:extension:largeBlob: true, webauthn:extension:minPinLength: true, webauthn:extension:prf: true, webauthn:virtualAuthenticators: true}
Session ID: 4f27812f4dec26c8e1f1e7bd92d92550
	at java.base/jdk.internal.reflect.DirectConstructorHandleAccessor.newInstance(DirectConstructorHandleAccessor.java:62)
	at java.base/java.lang.reflect.Constructor.newInstanceWithCaller(Constructor.java:501)
	at java.base/java.lang.reflect.Constructor.newInstance(Constructor.java:485)
	at org.openqa.selenium.remote.ErrorCodec.decode(ErrorCodec.java:167)
	at org.openqa.selenium.remote.codec.w3c.W3CHttpResponseCodec.decode(W3CHttpResponseCodec.java:138)
	at org.openqa.selenium.remote.codec.w3c.W3CHttpResponseCodec.decode(W3CHttpResponseCodec.java:50)
	at org.openqa.selenium.remote.HttpCommandExecutor.execute(HttpCommandExecutor.java:215)
	at org.openqa.selenium.remote.service.DriverCommandExecutor.invokeExecute(DriverCommandExecutor.java:216)
	at org.openqa.selenium.remote.service.DriverCommandExecutor.execute(DriverCommandExecutor.java:174)
	at org.openqa.selenium.remote.RemoteWebDriver.execute(RemoteWebDriver.java:544)
	at org.openqa.selenium.remote.ElementLocation$ElementFinder$2.findElement(ElementLocation.java:165)
	at org.openqa.selenium.remote.ElementLocation.findElement(ElementLocation.java:59)
	at org.openqa.selenium.remote.RemoteWebDriver.findElement(RemoteWebDriver.java:367)
	at org.openqa.selenium.remote.RemoteWebDriver.findElement(RemoteWebDriver.java:361)
	at com.utility.BrowserUtility.getVisibleText(BrowserUtility.java:171)
	at com.ui.pages.MyAccountPage.getUserName(MyAccountPage.java:20)
	at com.ui.tests.LoginTest.loginCSVTest(LoginTest.java:80)
	at java.base/jdk.internal.reflect.DirectMethodHandleAccessor.invoke(DirectMethodHandleAccessor.java:103)
	at java.base/java.lang.reflect.Method.invoke(Method.java:580)
	at org.testng.internal.MethodInvocationHelper.invokeMethod(MethodInvocationHelper.java:133)
	at org.testng.internal.TestInvoker.invokeMethod(TestInvoker.java:598)
	at org.testng.internal.TestInvoker.retryFailed(TestInvoker.java:213)
	at org.testng.internal.MethodRunner.runInSequence(MethodRunner.java:58)
	at org.testng.internal.TestInvoker$MethodInvocationAgent.invoke(TestInvoker.java:824)
	at org.testng.internal.TestInvoker.invokeTestMethods(TestInvoker.java:146)
	at org.testng.internal.TestMethodWorker.invokeTestMethods(TestMethodWorker.java:146)
	at org.testng.internal.TestMethodWorker.run(TestMethodWorker.java:128)
	at java.base/java.util.concurrent.ThreadPoolExecutor.runWorker(ThreadPoolExecutor.java:1144)
	at java.base/java.util.concurrent.ThreadPoolExecutor$Worker.run(ThreadPoolExecutor.java:642)
	at java.base/java.lang.Thread.run(Thread.java:1575)
]]></failure>
    <system-out><![CDATA[2025-07-20 15:27:56 [TestNG-test=UI Automation Test-1] ERROR com.ui.listeners.TestListeners::onTestFailure::44 - loginCSVTest FAILED
2025-07-20 15:27:56 [TestNG-test=UI Automation Test-1] ERROR com.ui.listeners.TestListeners::onTestFailure::45 - no such element: Unable to locate element: {"method":"xpath","selector":"//a[@title='View my customer account']"}
  (Session info: chrome=138.0.7204.158)
For documentation on this error, please visit: https://www.selenium.dev/documentation/webdriver/troubleshooting/errors#no-such-element-exception
Build info: version: '4.33.0', revision: '2c6aaad03a'
System info: os.name: 'Windows 11', os.arch: 'amd64', os.version: '10.0', java.version: '23.0.2'
Driver info: org.openqa.selenium.chrome.ChromeDriver
Command: [4f27812f4dec26c8e1f1e7bd92d92550, findElement {using=xpath, value=//a[@title='View my customer account']}]
Capabilities {acceptInsecureCerts: false, browserName: chrome, browserVersion: 138.0.7204.158, chrome: {chromedriverVersion: 138.0.7204.157 (e533e98b126..., userDataDir: C:\Users\sata0222\AppData\L...}, fedcm:accounts: true, goog:chromeOptions: {debuggerAddress: localhost:53364}, networkConnectionEnabled: false, pageLoadStrategy: normal, platformName: windows, proxy: Proxy(), se:cdp: ws://localhost:53364/devtoo..., se:cdpVersion: 138.0.7204.158, setWindowRect: true, strictFileInteractability: false, timeouts: {implicit: 0, pageLoad: 300000, script: 30000}, unhandledPromptBehavior: dismiss and notify, webauthn:extension:credBlob: true, webauthn:extension:largeBlob: true, webauthn:extension:minPinLength: true, webauthn:extension:prf: true, webauthn:virtualAuthenticators: true}
Session ID: 4f27812f4dec26c8e1f1e7bd92d92550
2025-07-20 15:27:56 [TestNG-test=UI Automation Test-1] INFO  com.ui.listeners.TestListeners::onTestFailure::62 - Capturing Screenshot for the failed test
2025-07-20 15:27:56 [TestNG-test=UI Automation Test-1] INFO  com.ui.listeners.TestListeners::onTestFailure::65 - Attaching Screenshot to the HTML File
]]></system-out>
  </testcase>
  <testcase name="loginCSVTest[User [emailAddress=testimrail@yopmail.com, password=password]](3)" classname="com.ui.tests.LoginTest" time="1.903">
    <system-out><![CDATA[2025-07-20 15:27:56 [TestNG-test=UI Automation Test-1] INFO  com.ui.tests.LoginTest::setUp::43 - Load the home page of this website
2025-07-20 15:27:56 [TestNG-test=UI Automation Test-1] INFO  com.ui.pages.HomePage::<init>::87 - Launching Browser for CHROME
2025-07-20 15:27:57 [TestNG-test=UI Automation Test-1] INFO  com.ui.pages.HomePage::goToWebsite::130 - Visiting the Website http://www.automationpractice.pl/
2025-07-20 15:28:01 [TestNG-test=UI Automation Test-1] INFO  com.ui.listeners.TestListeners::onTestStart::29 - loginCSVTest
2025-07-20 15:28:01 [TestNG-test=UI Automation Test-1] INFO  com.ui.listeners.TestListeners::onTestStart::30 - Verifies with valid user is able to login into Application
2025-07-20 15:28:01 [TestNG-test=UI Automation Test-1] INFO  com.ui.listeners.TestListeners::onTestStart::31 - [e2e, sanity]
2025-07-20 15:28:01 [TestNG-test=UI Automation Test-1] INFO  com.ui.pages.HomePage::goToLoginPage::37 - Performing click to go to sign in Page
2025-07-20 15:28:01 [TestNG-test=UI Automation Test-1] INFO  com.ui.pages.HomePage::clickOn::146 - Finding element with the locator By.linkText: Sign in
2025-07-20 15:28:01 [TestNG-test=UI Automation Test-1] INFO  com.ui.pages.HomePage::clickOn::150 - Element found now performing click By.linkText: Sign in
2025-07-20 15:28:02 [TestNG-test=UI Automation Test-1] INFO  com.ui.pages.LoginPage::enterText::157 - Finding element with the locator By.id: email
2025-07-20 15:28:02 [TestNG-test=UI Automation Test-1] INFO  com.ui.pages.LoginPage::enterText::161 - Element found now entering text testimrail@yopmail.com
2025-07-20 15:28:02 [TestNG-test=UI Automation Test-1] INFO  com.ui.pages.LoginPage::enterText::157 - Finding element with the locator By.id: passwd
2025-07-20 15:28:02 [TestNG-test=UI Automation Test-1] INFO  com.ui.pages.LoginPage::enterText::161 - Element found now entering text password
2025-07-20 15:28:02 [TestNG-test=UI Automation Test-1] INFO  com.ui.pages.LoginPage::clickOn::146 - Finding element with the locator By.id: SubmitLogin
2025-07-20 15:28:02 [TestNG-test=UI Automation Test-1] INFO  com.ui.pages.LoginPage::clickOn::150 - Element found now performing click By.id: SubmitLogin
2025-07-20 15:28:02 [TestNG-test=UI Automation Test-1] INFO  com.ui.pages.MyAccountPage::getVisibleText::169 - Finding element with the locator By.xpath: //a[@title='View my customer account']
2025-07-20 15:28:03 [TestNG-test=UI Automation Test-1] INFO  com.ui.pages.MyAccountPage::getVisibleText::173 - Element found now returning visible text Saman Sahu
2025-07-20 15:28:03 [TestNG-test=UI Automation Test-1] INFO  com.ui.listeners.TestListeners::onTestSuccess::37 - loginCSVTest PASSED
]]></system-out>
    <system-err><![CDATA[Jul 20, 2025 3:27:57 PM org.openqa.selenium.devtools.CdpVersionFinder findNearestMatch
WARNING: Unable to find an exact match for CDP version 138, returning the closest version; found: 137; Please update to a Selenium version that supports CDP version 138
]]></system-err>
  </testcase>
  <testcase name="loginCSVTest[User [emailAddress=uday@gmail.com, password=password]](4)" classname="com.ui.tests.LoginTest" time="1.556">
    <failure message="no such element: Unable to locate element: {&quot;method&quot;:&quot;xpath&quot;,&quot;selector&quot;:&quot;//a[@title=&apos;View my customer account&apos;]&quot;}&#10;  (Session info: chrome=138.0.7204.158)&#10;For documentation on this error, please visit: https://www.selenium.dev/documentation/webdriver/troubleshooting/errors#no-such-element-exception&#10;Build info: version: &apos;4.33.0&apos;, revision: &apos;2c6aaad03a&apos;&#10;System info: os.name: &apos;Windows 11&apos;, os.arch: &apos;amd64&apos;, os.version: &apos;10.0&apos;, java.version: &apos;23.0.2&apos;&#10;Driver info: org.openqa.selenium.chrome.ChromeDriver&#10;Command: [9281a078458b50e6b8a2ae4804c0cba9, findElement {using=xpath, value=//a[@title=&apos;View my customer account&apos;]}]&#10;Capabilities {acceptInsecureCerts: false, browserName: chrome, browserVersion: 138.0.7204.158, chrome: {chromedriverVersion: 138.0.7204.157 (e533e98b126..., userDataDir: C:\Users\sata0222\AppData\L...}, fedcm:accounts: true, goog:chromeOptions: {debuggerAddress: localhost:53466}, networkConnectionEnabled: false, pageLoadStrategy: normal, platformName: windows, proxy: Proxy(), se:cdp: ws://localhost:53466/devtoo..., se:cdpVersion: 138.0.7204.158, setWindowRect: true, strictFileInteractability: false, timeouts: {implicit: 0, pageLoad: 300000, script: 30000}, unhandledPromptBehavior: dismiss and notify, webauthn:extension:credBlob: true, webauthn:extension:largeBlob: true, webauthn:extension:minPinLength: true, webauthn:extension:prf: true, webauthn:virtualAuthenticators: true}&#10;Session ID: 9281a078458b50e6b8a2ae4804c0cba9" type="org.openqa.selenium.NoSuchElementException"><![CDATA[org.openqa.selenium.NoSuchElementException: 
no such element: Unable to locate element: {"method":"xpath","selector":"//a[@title='View my customer account']"}
  (Session info: chrome=138.0.7204.158)
For documentation on this error, please visit: https://www.selenium.dev/documentation/webdriver/troubleshooting/errors#no-such-element-exception
Build info: version: '4.33.0', revision: '2c6aaad03a'
System info: os.name: 'Windows 11', os.arch: 'amd64', os.version: '10.0', java.version: '23.0.2'
Driver info: org.openqa.selenium.chrome.ChromeDriver
Command: [9281a078458b50e6b8a2ae4804c0cba9, findElement {using=xpath, value=//a[@title='View my customer account']}]
Capabilities {acceptInsecureCerts: false, browserName: chrome, browserVersion: 138.0.7204.158, chrome: {chromedriverVersion: 138.0.7204.157 (e533e98b126..., userDataDir: C:\Users\sata0222\AppData\L...}, fedcm:accounts: true, goog:chromeOptions: {debuggerAddress: localhost:53466}, networkConnectionEnabled: false, pageLoadStrategy: normal, platformName: windows, proxy: Proxy(), se:cdp: ws://localhost:53466/devtoo..., se:cdpVersion: 138.0.7204.158, setWindowRect: true, strictFileInteractability: false, timeouts: {implicit: 0, pageLoad: 300000, script: 30000}, unhandledPromptBehavior: dismiss and notify, webauthn:extension:credBlob: true, webauthn:extension:largeBlob: true, webauthn:extension:minPinLength: true, webauthn:extension:prf: true, webauthn:virtualAuthenticators: true}
Session ID: 9281a078458b50e6b8a2ae4804c0cba9
	at java.base/jdk.internal.reflect.DirectConstructorHandleAccessor.newInstance(DirectConstructorHandleAccessor.java:62)
	at java.base/java.lang.reflect.Constructor.newInstanceWithCaller(Constructor.java:501)
	at java.base/java.lang.reflect.Constructor.newInstance(Constructor.java:485)
	at org.openqa.selenium.remote.ErrorCodec.decode(ErrorCodec.java:167)
	at org.openqa.selenium.remote.codec.w3c.W3CHttpResponseCodec.decode(W3CHttpResponseCodec.java:138)
	at org.openqa.selenium.remote.codec.w3c.W3CHttpResponseCodec.decode(W3CHttpResponseCodec.java:50)
	at org.openqa.selenium.remote.HttpCommandExecutor.execute(HttpCommandExecutor.java:215)
	at org.openqa.selenium.remote.service.DriverCommandExecutor.invokeExecute(DriverCommandExecutor.java:216)
	at org.openqa.selenium.remote.service.DriverCommandExecutor.execute(DriverCommandExecutor.java:174)
	at org.openqa.selenium.remote.RemoteWebDriver.execute(RemoteWebDriver.java:544)
	at org.openqa.selenium.remote.ElementLocation$ElementFinder$2.findElement(ElementLocation.java:165)
	at org.openqa.selenium.remote.ElementLocation.findElement(ElementLocation.java:59)
	at org.openqa.selenium.remote.RemoteWebDriver.findElement(RemoteWebDriver.java:367)
	at org.openqa.selenium.remote.RemoteWebDriver.findElement(RemoteWebDriver.java:361)
	at com.utility.BrowserUtility.getVisibleText(BrowserUtility.java:171)
	at com.ui.pages.MyAccountPage.getUserName(MyAccountPage.java:20)
	at com.ui.tests.LoginTest.loginCSVTest(LoginTest.java:80)
	at java.base/jdk.internal.reflect.DirectMethodHandleAccessor.invoke(DirectMethodHandleAccessor.java:103)
	at java.base/java.lang.reflect.Method.invoke(Method.java:580)
	at org.testng.internal.MethodInvocationHelper.invokeMethod(MethodInvocationHelper.java:133)
	at org.testng.internal.TestInvoker.invokeMethod(TestInvoker.java:598)
	at org.testng.internal.TestInvoker.invokeTestMethod(TestInvoker.java:173)
	at org.testng.internal.MethodRunner.runInSequence(MethodRunner.java:46)
	at org.testng.internal.TestInvoker$MethodInvocationAgent.invoke(TestInvoker.java:824)
	at org.testng.internal.TestInvoker.invokeTestMethods(TestInvoker.java:146)
	at org.testng.internal.TestMethodWorker.invokeTestMethods(TestMethodWorker.java:146)
	at org.testng.internal.TestMethodWorker.run(TestMethodWorker.java:128)
	at java.base/java.util.concurrent.ThreadPoolExecutor.runWorker(ThreadPoolExecutor.java:1144)
	at java.base/java.util.concurrent.ThreadPoolExecutor$Worker.run(ThreadPoolExecutor.java:642)
	at java.base/java.lang.Thread.run(Thread.java:1575)
]]></failure>
    <system-out><![CDATA[2025-07-20 15:28:03 [TestNG-test=UI Automation Test-1] INFO  com.ui.tests.LoginTest::setUp::43 - Load the home page of this website
2025-07-20 15:28:03 [TestNG-test=UI Automation Test-1] INFO  com.ui.pages.HomePage::<init>::87 - Launching Browser for CHROME
2025-07-20 15:28:04 [TestNG-test=UI Automation Test-1] INFO  com.ui.pages.HomePage::goToWebsite::130 - Visiting the Website http://www.automationpractice.pl/
2025-07-20 15:28:08 [TestNG-test=UI Automation Test-1] INFO  com.ui.listeners.TestListeners::onTestStart::29 - loginCSVTest
2025-07-20 15:28:08 [TestNG-test=UI Automation Test-1] INFO  com.ui.listeners.TestListeners::onTestStart::30 - Verifies with valid user is able to login into Application
2025-07-20 15:28:08 [TestNG-test=UI Automation Test-1] INFO  com.ui.listeners.TestListeners::onTestStart::31 - [e2e, sanity]
2025-07-20 15:28:08 [TestNG-test=UI Automation Test-1] INFO  com.ui.pages.HomePage::goToLoginPage::37 - Performing click to go to sign in Page
2025-07-20 15:28:08 [TestNG-test=UI Automation Test-1] INFO  com.ui.pages.HomePage::clickOn::146 - Finding element with the locator By.linkText: Sign in
2025-07-20 15:28:08 [TestNG-test=UI Automation Test-1] INFO  com.ui.pages.HomePage::clickOn::150 - Element found now performing click By.linkText: Sign in
2025-07-20 15:28:09 [TestNG-test=UI Automation Test-1] INFO  com.ui.pages.LoginPage::enterText::157 - Finding element with the locator By.id: email
2025-07-20 15:28:09 [TestNG-test=UI Automation Test-1] INFO  com.ui.pages.LoginPage::enterText::161 - Element found now entering text uday@gmail.com
2025-07-20 15:28:09 [TestNG-test=UI Automation Test-1] INFO  com.ui.pages.LoginPage::enterText::157 - Finding element with the locator By.id: passwd
2025-07-20 15:28:09 [TestNG-test=UI Automation Test-1] INFO  com.ui.pages.LoginPage::enterText::161 - Element found now entering text password
2025-07-20 15:28:09 [TestNG-test=UI Automation Test-1] INFO  com.ui.pages.LoginPage::clickOn::146 - Finding element with the locator By.id: SubmitLogin
2025-07-20 15:28:09 [TestNG-test=UI Automation Test-1] INFO  com.ui.pages.LoginPage::clickOn::150 - Element found now performing click By.id: SubmitLogin
2025-07-20 15:28:09 [TestNG-test=UI Automation Test-1] INFO  com.ui.pages.MyAccountPage::getVisibleText::169 - Finding element with the locator By.xpath: //a[@title='View my customer account']
2025-07-20 15:28:09 [TestNG-test=UI Automation Test-1] ERROR com.ui.listeners.TestListeners::onTestFailure::44 - loginCSVTest FAILED
2025-07-20 15:28:09 [TestNG-test=UI Automation Test-1] ERROR com.ui.listeners.TestListeners::onTestFailure::45 - no such element: Unable to locate element: {"method":"xpath","selector":"//a[@title='View my customer account']"}
  (Session info: chrome=138.0.7204.158)
For documentation on this error, please visit: https://www.selenium.dev/documentation/webdriver/troubleshooting/errors#no-such-element-exception
Build info: version: '4.33.0', revision: '2c6aaad03a'
System info: os.name: 'Windows 11', os.arch: 'amd64', os.version: '10.0', java.version: '23.0.2'
Driver info: org.openqa.selenium.chrome.ChromeDriver
Command: [9281a078458b50e6b8a2ae4804c0cba9, findElement {using=xpath, value=//a[@title='View my customer account']}]
Capabilities {acceptInsecureCerts: false, browserName: chrome, browserVersion: 138.0.7204.158, chrome: {chromedriverVersion: 138.0.7204.157 (e533e98b126..., userDataDir: C:\Users\sata0222\AppData\L...}, fedcm:accounts: true, goog:chromeOptions: {debuggerAddress: localhost:53466}, networkConnectionEnabled: false, pageLoadStrategy: normal, platformName: windows, proxy: Proxy(), se:cdp: ws://localhost:53466/devtoo..., se:cdpVersion: 138.0.7204.158, setWindowRect: true, strictFileInteractability: false, timeouts: {implicit: 0, pageLoad: 300000, script: 30000}, unhandledPromptBehavior: dismiss and notify, webauthn:extension:credBlob: true, webauthn:extension:largeBlob: true, webauthn:extension:minPinLength: true, webauthn:extension:prf: true, webauthn:virtualAuthenticators: true}
Session ID: 9281a078458b50e6b8a2ae4804c0cba9
2025-07-20 15:28:09 [TestNG-test=UI Automation Test-1] INFO  com.ui.listeners.TestListeners::onTestFailure::62 - Capturing Screenshot for the failed test
2025-07-20 15:28:10 [TestNG-test=UI Automation Test-1] INFO  com.ui.listeners.TestListeners::onTestFailure::65 - Attaching Screenshot to the HTML File
]]></system-out>
    <system-err><![CDATA[Jul 20, 2025 3:28:04 PM org.openqa.selenium.devtools.CdpVersionFinder findNearestMatch
WARNING: Unable to find an exact match for CDP version 138, returning the closest version; found: 137; Please update to a Selenium version that supports CDP version 138
]]></system-err>
  </testcase>
</testsuite>