<?xml version="1.0" encoding="UTF-8"?>
<testsuite xmlns:xsi="http://www.w3.org/2001/XMLSchema-instance" xsi:noNamespaceSchemaLocation="https://maven.apache.org/surefire/maven-surefire-plugin/xsd/surefire-test-report-3.0.xsd" version="3.0" name="TestSuite" time="3.54" tests="18" errors="0" skipped="16" failures="2">
  <properties>
[...]
</properties>
  <testcase name="setUp[, false, false, [TestResult name={null} status=CREATED method=LoginTest.loginJsonTest(com.ui.pojo.User)[pri:0, instance:com.ui.tests.LoginTest@2fc6f97f] output={null}]](0)" classname="com.ui.tests.LoginTest" time="1.843">
    <failure message="No enum constant com.constants.Browser." type="java.lang.IllegalArgumentException"><![CDATA[java.lang.IllegalArgumentException: No enum constant com.constants.Browser.
	at java.base/java.lang.Enum.valueOf(Enum.java:293)
	at com.constants.Browser.valueOf(Browser.java:3)
	at com.ui.tests.TestBase.setUp(TestBase.java:45)
	at java.base/jdk.internal.reflect.DirectMethodHandleAccessor.invoke(DirectMethodHandleAccessor.java:103)
	at java.base/java.lang.reflect.Method.invoke(Method.java:580)
	at org.testng.internal.MethodInvocationHelper.invokeMethod(MethodInvocationHelper.java:133)
	at org.testng.internal.MethodInvocationHelper.invokeMethodConsideringTimeout(MethodInvocationHelper.java:62)
	at org.testng.internal.ConfigInvoker.invokeConfigurationMethod(ConfigInvoker.java:385)
	at org.testng.internal.ConfigInvoker.invokeConfigurations(ConfigInvoker.java:321)
	at org.testng.internal.TestInvoker.runConfigMethods(TestInvoker.java:700)
	at org.testng.internal.TestInvoker.invokeMethod(TestInvoker.java:527)
	at org.testng.internal.TestInvoker.invokeTestMethod(TestInvoker.java:173)
	at org.testng.internal.MethodRunner.runInSequence(MethodRunner.java:46)
	at org.testng.internal.TestInvoker$MethodInvocationAgent.invoke(TestInvoker.java:824)
	at org.testng.internal.TestInvoker.invokeTestMethods(TestInvoker.java:146)
	at org.testng.internal.TestMethodWorker.invokeTestMethods(TestMethodWorker.java:146)
	at org.testng.internal.TestMethodWorker.run(TestMethodWorker.java:128)
	at java.base/java.util.concurrent.ThreadPoolExecutor.runWorker(ThreadPoolExecutor.java:1144)
	at java.base/java.util.concurrent.ThreadPoolExecutor$Worker.run(ThreadPoolExecutor.java:642)
	at java.base/java.lang.Thread.run(Thread.java:1575)
]]></failure>
    <system-out><![CDATA[2025-07-26 12:16:05 [main] INFO  com.ui.listeners.TestListeners::onStart::76 - Test Suite Started
2025-07-26 12:16:05 [TestNG-test=UI Automation Test-1] INFO  com.ui.tests.LoginTest::setUp::43 - Load the home page of this website
2025-07-26 12:16:05 [TestNG-test=UI Automation Test-3] INFO  com.ui.tests.LoginTest::setUp::43 - Load the home page of this website
2025-07-26 12:16:05 [TestNG-test=UI Automation Test-3] INFO  com.ui.tests.LoginTest::setUp::44 - Browser parameter received: ''
2025-07-26 12:16:05 [TestNG-test=UI Automation Test-1] INFO  com.ui.tests.LoginTest::setUp::44 - Browser parameter received: ''
]]></system-out>
  </testcase>
  <testcase name="setUp[, false, false, [TestResult name={null} status=CREATED method=LoginTest.loginCSVTest(com.ui.pojo.User)[pri:0, instance:com.ui.tests.LoginTest@2fc6f97f] output={null}]](0)" classname="com.ui.tests.LoginTest" time="1.852">
    <failure message="No enum constant com.constants.Browser." type="java.lang.IllegalArgumentException"><![CDATA[java.lang.IllegalArgumentException: No enum constant com.constants.Browser.
	at java.base/java.lang.Enum.valueOf(Enum.java:293)
	at com.constants.Browser.valueOf(Browser.java:3)
	at com.ui.tests.TestBase.setUp(TestBase.java:45)
	at java.base/jdk.internal.reflect.DirectMethodHandleAccessor.invoke(DirectMethodHandleAccessor.java:103)
	at java.base/java.lang.reflect.Method.invoke(Method.java:580)
	at org.testng.internal.MethodInvocationHelper.invokeMethod(MethodInvocationHelper.java:133)
	at org.testng.internal.MethodInvocationHelper.invokeMethodConsideringTimeout(MethodInvocationHelper.java:62)
	at org.testng.internal.ConfigInvoker.invokeConfigurationMethod(ConfigInvoker.java:385)
	at org.testng.internal.ConfigInvoker.invokeConfigurations(ConfigInvoker.java:321)
	at org.testng.internal.TestInvoker.runConfigMethods(TestInvoker.java:700)
	at org.testng.internal.TestInvoker.invokeMethod(TestInvoker.java:527)
	at org.testng.internal.TestInvoker.invokeTestMethod(TestInvoker.java:173)
	at org.testng.internal.MethodRunner.runInSequence(MethodRunner.java:46)
	at org.testng.internal.TestInvoker$MethodInvocationAgent.invoke(TestInvoker.java:824)
	at org.testng.internal.TestInvoker.invokeTestMethods(TestInvoker.java:146)
	at org.testng.internal.TestMethodWorker.invokeTestMethods(TestMethodWorker.java:146)
	at org.testng.internal.TestMethodWorker.run(TestMethodWorker.java:128)
	at java.base/java.util.concurrent.ThreadPoolExecutor.runWorker(ThreadPoolExecutor.java:1144)
	at java.base/java.util.concurrent.ThreadPoolExecutor$Worker.run(ThreadPoolExecutor.java:642)
	at java.base/java.lang.Thread.run(Thread.java:1575)
]]></failure>
  </testcase>
  <testcase name="loginCSVTest[User [emailAddress=sandsj@yopmail.com, password=pass123]](1)" classname="com.ui.tests.LoginTest" time="0.0">
    <skipped message="No enum constant com.constants.Browser."/>
    <system-out><![CDATA[2025-07-26 12:16:05 [TestNG-test=UI Automation Test-1] INFO  com.ui.listeners.TestListeners::onTestStart::29 - loginCSVTest
2025-07-26 12:16:05 [TestNG-test=UI Automation Test-3] INFO  com.ui.listeners.TestListeners::onTestStart::29 - loginJsonTest
2025-07-26 12:16:05 [TestNG-test=UI Automation Test-1] INFO  com.ui.listeners.TestListeners::onTestStart::30 - Verifies with valid user is able to login into Application
2025-07-26 12:16:05 [TestNG-test=UI Automation Test-3] INFO  com.ui.listeners.TestListeners::onTestStart::30 - Verifies with valid user is able to login into Application
2025-07-26 12:16:05 [TestNG-test=UI Automation Test-3] INFO  com.ui.listeners.TestListeners::onTestStart::31 - [e2e, sanity]
2025-07-26 12:16:05 [TestNG-test=UI Automation Test-1] INFO  com.ui.listeners.TestListeners::onTestStart::31 - [e2e, sanity]
2025-07-26 12:16:05 [TestNG-test=UI Automation Test-3] WARN  com.ui.listeners.TestListeners::onTestSkipped::71 - loginJsonTest SKIPPED
2025-07-26 12:16:05 [TestNG-test=UI Automation Test-1] WARN  com.ui.listeners.TestListeners::onTestSkipped::71 - loginCSVTest SKIPPED
]]></system-out>
  </testcase>
  <testcase name="loginJsonTest[User [emailAddress=testimrail@yopmail.com, password=password]](1)" classname="com.ui.tests.LoginTest" time="0.0">
    <skipped message="No enum constant com.constants.Browser."/>
  </testcase>
  <testcase name="tearDown" classname="com.ui.tests.LoginTest" time="0.0">
    <skipped/>
  </testcase>
  <testcase name="tearDown" classname="com.ui.tests.LoginTest" time="0.0">
    <skipped/>
  </testcase>
  <testcase name="tearDown" classname="com.ui.tests.LoginTest" time="0.0">
    <skipped/>
    <system-out><![CDATA[2025-07-26 12:16:05 [TestNG-test=UI Automation Test-3] INFO  com.ui.listeners.TestListeners::onTestStart::31 - [e2e, sanity]
]]></system-out>
  </testcase>
  <testcase name="tearDown" classname="com.ui.tests.LoginTest" time="0.0">
    <skipped/>
  </testcase>
  <testcase name="tearDown" classname="com.ui.tests.LoginTest" time="0.0">
    <skipped/>
  </testcase>
  <testcase name="tearDown" classname="com.ui.tests.LoginTest" time="0.0">
    <skipped/>
  </testcase>
  <testcase name="setUp" classname="com.ui.tests.LoginTest" time="0.0">
    <skipped/>
  </testcase>
  <testcase name="setUp" classname="com.ui.tests.LoginTest" time="0.0">
    <skipped/>
    <system-out><![CDATA[2025-07-26 12:16:05 [TestNG-test=UI Automation Test-1] INFO  com.ui.listeners.TestListeners::onTestStart::29 - loginCSVTest
]]></system-out>
  </testcase>
  <testcase name="setUp" classname="com.ui.tests.LoginTest" time="0.0">
    <skipped/>
  </testcase>
  <testcase name="setUp" classname="com.ui.tests.LoginTest" time="0.0">
    <skipped/>
  </testcase>
  <testcase name="loginCSVTest[User [emailAddress=testimrail@yopmail.com, password=password]](2)" classname="com.ui.tests.LoginTest" time="0.0">
    <skipped message="No enum constant com.constants.Browser."/>
    <system-out><![CDATA[2025-07-26 12:16:05 [TestNG-test=UI Automation Test-1] INFO  com.ui.listeners.TestListeners::onTestStart::30 - Verifies with valid user is able to login into Application
2025-07-26 12:16:05 [TestNG-test=UI Automation Test-3] INFO  com.ui.listeners.TestListeners::onTestStart::29 - loginJsonTest
2025-07-26 12:16:05 [TestNG-test=UI Automation Test-1] INFO  com.ui.listeners.TestListeners::onTestStart::31 - [e2e, sanity]
2025-07-26 12:16:05 [TestNG-test=UI Automation Test-1] WARN  com.ui.listeners.TestListeners::onTestSkipped::71 - loginCSVTest SKIPPED
2025-07-26 12:16:05 [TestNG-test=UI Automation Test-3] INFO  com.ui.listeners.TestListeners::onTestStart::30 - Verifies with valid user is able to login into Application
]]></system-out>
  </testcase>
  <testcase name="loginCSVTest[User [emailAddress=taestimrail@yopmail.com, password=password]](3)" classname="com.ui.tests.LoginTest" time="0.0">
    <skipped message="No enum constant com.constants.Browser."/>
    <system-out><![CDATA[2025-07-26 12:16:05 [TestNG-test=UI Automation Test-1] INFO  com.ui.listeners.TestListeners::onTestStart::29 - loginCSVTest
2025-07-26 12:16:05 [TestNG-test=UI Automation Test-1] INFO  com.ui.listeners.TestListeners::onTestStart::30 - Verifies with valid user is able to login into Application
2025-07-26 12:16:05 [TestNG-test=UI Automation Test-1] INFO  com.ui.listeners.TestListeners::onTestStart::31 - [e2e, sanity]
2025-07-26 12:16:05 [TestNG-test=UI Automation Test-1] WARN  com.ui.listeners.TestListeners::onTestSkipped::71 - loginCSVTest SKIPPED
]]></system-out>
  </testcase>
  <testcase name="loginJsonTest[User [emailAddress=sandsj@yopmail.com, password=password]](2)" classname="com.ui.tests.LoginTest" time="0.0">
    <skipped message="No enum constant com.constants.Browser."/>
    <system-out><![CDATA[2025-07-26 12:16:05 [TestNG-test=UI Automation Test-3] WARN  com.ui.listeners.TestListeners::onTestSkipped::71 - loginJsonTest SKIPPED
]]></system-out>
  </testcase>
  <testcase name="loginExcelTest[User [emailAddress=testimrail@yopmail.com, password=password]](1)" classname="com.ui.tests.LoginTest" time="0.0">
    <skipped message="No enum constant com.constants.Browser."/>
    <system-out><![CDATA[2025-07-26 12:16:06 [TestNG-test=UI Automation Test-2] INFO  com.ui.listeners.TestListeners::onTestStart::29 - loginExcelTest
2025-07-26 12:16:06 [TestNG-test=UI Automation Test-2] INFO  com.ui.listeners.TestListeners::onTestStart::30 - Verifies with valid user is able to login into Application
2025-07-26 12:16:06 [TestNG-test=UI Automation Test-2] INFO  com.ui.listeners.TestListeners::onTestStart::31 - [e2e, sanity]
2025-07-26 12:16:06 [TestNG-test=UI Automation Test-2] WARN  com.ui.listeners.TestListeners::onTestSkipped::71 - loginExcelTest SKIPPED
]]></system-out>
  </testcase>
</testsuite>