<?xml version="1.0" encoding="UTF-8"?>
<testsuite xmlns:xsi="http://www.w3.org/2001/XMLSchema-instance" xsi:noNamespaceSchemaLocation="https://maven.apache.org/surefire/maven-surefire-plugin/xsd/surefire-test-report-3.0.xsd" version="3.0" name="TestSuite" time="34.343" tests="7" errors="0" skipped="1" failures="3">
  <properties>
[...]
</properties>
  <testcase name="loginCSVTest[User [emailAddress=sandsj@yopmail.com, password=pass123]](1)" classname="com.ui.tests.LoginTest" time="0.0">
    <skipped message="no such element: Unable to locate element: {&quot;method&quot;:&quot;xpath&quot;,&quot;selector&quot;:&quot;//a[@title=&apos;View my customer account&apos;]&quot;}&#10;  (Session info: chrome=138.0.7204.169)&#10;For documentation on this error, please visit: https://www.selenium.dev/documentation/webdriver/troubleshooting/errors#no-such-element-exception&#10;Build info: version: &apos;4.33.0&apos;, revision: &apos;2c6aaad03a&apos;&#10;System info: os.name: &apos;Windows 11&apos;, os.arch: &apos;amd64&apos;, os.version: &apos;10.0&apos;, java.version: &apos;23.0.2&apos;&#10;Driver info: org.openqa.selenium.chrome.ChromeDriver&#10;Command: [600db1923ea20daa742dbca068e5590b, findElement {value=//a[@title=&apos;View my customer account&apos;], using=xpath}]&#10;Capabilities {acceptInsecureCerts: false, browserName: chrome, browserVersion: 138.0.7204.169, chrome: {chromedriverVersion: 138.0.7204.168 (3e8d82e86e9..., userDataDir: C:\Users\sata0222\AppData\L...}, fedcm:accounts: true, goog:chromeOptions: {debuggerAddress: localhost:59555}, networkConnectionEnabled: false, pageLoadStrategy: normal, platformName: windows, proxy: Proxy(), se:cdp: ws://localhost:59555/devtoo..., se:cdpVersion: 138.0.7204.169, setWindowRect: true, strictFileInteractability: false, timeouts: {implicit: 0, pageLoad: 300000, script: 30000}, unhandledPromptBehavior: dismiss and notify, webauthn:extension:credBlob: true, webauthn:extension:largeBlob: true, webauthn:extension:minPinLength: true, webauthn:extension:prf: true, webauthn:virtualAuthenticators: true}&#10;Session ID: 600db1923ea20daa742dbca068e5590b"/>
    <system-out><![CDATA[2025-07-26 12:12:14 [main] INFO  com.ui.listeners.TestListeners::onStart::76 - Test Suite Started
2025-07-26 12:12:14 [TestNG-test=UI Automation Test-1] INFO  com.ui.tests.LoginTest::setUp::43 - Load the home page of this website
2025-07-26 12:12:14 [TestNG-test=UI Automation Test-3] INFO  com.ui.tests.LoginTest::setUp::43 - Load the home page of this website
2025-07-26 12:12:14 [TestNG-test=UI Automation Test-3] INFO  com.ui.tests.LoginTest::setUp::44 - Browser parameter received: 'chrome'
2025-07-26 12:12:14 [TestNG-test=UI Automation Test-1] INFO  com.ui.tests.LoginTest::setUp::44 - Browser parameter received: 'chrome'
2025-07-26 12:12:14 [TestNG-test=UI Automation Test-3] INFO  com.ui.pages.HomePage::<init>::87 - Launching Browser for CHROME
2025-07-26 12:12:14 [TestNG-test=UI Automation Test-1] INFO  com.ui.pages.HomePage::<init>::87 - Launching Browser for CHROME
2025-07-26 12:12:15 [TestNG-test=UI Automation Test-2] INFO  com.ui.tests.LoginTest::setUp::43 - Load the home page of this website
2025-07-26 12:12:15 [TestNG-test=UI Automation Test-2] INFO  com.ui.tests.LoginTest::setUp::44 - Browser parameter received: 'chrome'
2025-07-26 12:12:15 [TestNG-test=UI Automation Test-2] INFO  com.ui.pages.HomePage::<init>::87 - Launching Browser for CHROME
2025-07-26 12:12:17 [TestNG-test=UI Automation Test-3] INFO  com.ui.pages.HomePage::goToWebsite::130 - Visiting the Website http://www.automationpractice.pl/
2025-07-26 12:12:17 [TestNG-test=UI Automation Test-1] INFO  com.ui.pages.HomePage::goToWebsite::130 - Visiting the Website http://www.automationpractice.pl/
2025-07-26 12:12:17 [TestNG-test=UI Automation Test-2] INFO  com.ui.pages.HomePage::goToWebsite::130 - Visiting the Website http://www.automationpractice.pl/
2025-07-26 12:12:21 [TestNG-test=UI Automation Test-1] INFO  com.ui.listeners.TestListeners::onTestStart::29 - loginCSVTest
2025-07-26 12:12:21 [TestNG-test=UI Automation Test-1] INFO  com.ui.listeners.TestListeners::onTestStart::30 - Verifies with valid user is able to login into Application
2025-07-26 12:12:21 [TestNG-test=UI Automation Test-1] INFO  com.ui.listeners.TestListeners::onTestStart::31 - [e2e, sanity]
2025-07-26 12:12:21 [TestNG-test=UI Automation Test-1] INFO  com.ui.pages.HomePage::goToLoginPage::37 - Performing click to go to sign in Page
2025-07-26 12:12:21 [TestNG-test=UI Automation Test-1] INFO  com.ui.pages.HomePage::clickOn::146 - Finding element with the locator By.linkText: Sign in
2025-07-26 12:12:21 [TestNG-test=UI Automation Test-1] INFO  com.ui.pages.HomePage::clickOn::150 - Element found now performing click By.linkText: Sign in
2025-07-26 12:12:21 [TestNG-test=UI Automation Test-3] INFO  com.ui.listeners.TestListeners::onTestStart::29 - loginJsonTest
2025-07-26 12:12:21 [TestNG-test=UI Automation Test-3] INFO  com.ui.listeners.TestListeners::onTestStart::30 - Verifies with valid user is able to login into Application
2025-07-26 12:12:21 [TestNG-test=UI Automation Test-3] INFO  com.ui.listeners.TestListeners::onTestStart::31 - [e2e, sanity]
2025-07-26 12:12:21 [TestNG-test=UI Automation Test-3] INFO  com.ui.pages.HomePage::goToLoginPage::37 - Performing click to go to sign in Page
2025-07-26 12:12:21 [TestNG-test=UI Automation Test-3] INFO  com.ui.pages.HomePage::clickOn::146 - Finding element with the locator By.linkText: Sign in
2025-07-26 12:12:21 [TestNG-test=UI Automation Test-3] INFO  com.ui.pages.HomePage::clickOn::150 - Element found now performing click By.linkText: Sign in
2025-07-26 12:12:22 [TestNG-test=UI Automation Test-2] INFO  com.ui.listeners.TestListeners::onTestStart::29 - loginExcelTest
2025-07-26 12:12:22 [TestNG-test=UI Automation Test-2] INFO  com.ui.listeners.TestListeners::onTestStart::30 - Verifies with valid user is able to login into Application
2025-07-26 12:12:22 [TestNG-test=UI Automation Test-2] INFO  com.ui.listeners.TestListeners::onTestStart::31 - [e2e, sanity]
2025-07-26 12:12:22 [TestNG-test=UI Automation Test-2] INFO  com.ui.pages.HomePage::goToLoginPage::37 - Performing click to go to sign in Page
2025-07-26 12:12:22 [TestNG-test=UI Automation Test-2] INFO  com.ui.pages.HomePage::clickOn::146 - Finding element with the locator By.linkText: Sign in
2025-07-26 12:12:22 [TestNG-test=UI Automation Test-3] INFO  com.ui.pages.LoginPage::enterText::157 - Finding element with the locator By.id: email
2025-07-26 12:12:22 [TestNG-test=UI Automation Test-2] INFO  com.ui.pages.HomePage::clickOn::150 - Element found now performing click By.linkText: Sign in
2025-07-26 12:12:22 [TestNG-test=UI Automation Test-3] INFO  com.ui.pages.LoginPage::enterText::161 - Element found now entering text testimrail@yopmail.com
2025-07-26 12:12:22 [TestNG-test=UI Automation Test-1] INFO  com.ui.pages.LoginPage::enterText::157 - Finding element with the locator By.id: email
2025-07-26 12:12:22 [TestNG-test=UI Automation Test-1] INFO  com.ui.pages.LoginPage::enterText::161 - Element found now entering text sandsj@yopmail.com
2025-07-26 12:12:22 [TestNG-test=UI Automation Test-3] INFO  com.ui.pages.LoginPage::enterText::157 - Finding element with the locator By.id: passwd
2025-07-26 12:12:22 [TestNG-test=UI Automation Test-3] INFO  com.ui.pages.LoginPage::enterText::161 - Element found now entering text password
2025-07-26 12:12:22 [TestNG-test=UI Automation Test-1] INFO  com.ui.pages.LoginPage::enterText::157 - Finding element with the locator By.id: passwd
2025-07-26 12:12:22 [TestNG-test=UI Automation Test-1] INFO  com.ui.pages.LoginPage::enterText::161 - Element found now entering text pass123
2025-07-26 12:12:22 [TestNG-test=UI Automation Test-3] INFO  com.ui.pages.LoginPage::clickOn::146 - Finding element with the locator By.id: SubmitLogin
2025-07-26 12:12:22 [TestNG-test=UI Automation Test-3] INFO  com.ui.pages.LoginPage::clickOn::150 - Element found now performing click By.id: SubmitLogin
2025-07-26 12:12:22 [TestNG-test=UI Automation Test-1] INFO  com.ui.pages.LoginPage::clickOn::146 - Finding element with the locator By.id: SubmitLogin
2025-07-26 12:12:23 [TestNG-test=UI Automation Test-1] INFO  com.ui.pages.LoginPage::clickOn::150 - Element found now performing click By.id: SubmitLogin
2025-07-26 12:12:23 [TestNG-test=UI Automation Test-1] INFO  com.ui.pages.MyAccountPage::getVisibleText::169 - Finding element with the locator By.xpath: //a[@title='View my customer account']
2025-07-26 12:12:23 [TestNG-test=UI Automation Test-1] WARN  com.ui.listeners.TestListeners::onTestSkipped::71 - loginCSVTest SKIPPED
]]></system-out>
    <system-err><![CDATA[Jul 26, 2025 12:12:16 PM org.openqa.selenium.devtools.CdpVersionFinder findNearestMatch
WARNING: Unable to find an exact match for CDP version 138, returning the closest version; found: 137; Please update to a Selenium version that supports CDP version 138
Jul 26, 2025 12:12:16 PM org.openqa.selenium.devtools.CdpVersionFinder findNearestMatch
WARNING: Unable to find an exact match for CDP version 138, returning the closest version; found: 137; Please update to a Selenium version that supports CDP version 138
Jul 26, 2025 12:12:17 PM org.openqa.selenium.devtools.CdpVersionFinder findNearestMatch
WARNING: Unable to find an exact match for CDP version 138, returning the closest version; found: 137; Please update to a Selenium version that supports CDP version 138
]]></system-err>
  </testcase>
  <testcase name="loginJsonTest[User [emailAddress=testimrail@yopmail.com, password=password]](1)" classname="com.ui.tests.LoginTest" time="1.352">
    <system-out><![CDATA[2025-07-26 12:12:23 [TestNG-test=UI Automation Test-2] INFO  com.ui.pages.LoginPage::enterText::157 - Finding element with the locator By.id: email
2025-07-26 12:12:23 [TestNG-test=UI Automation Test-2] INFO  com.ui.pages.LoginPage::enterText::161 - Element found now entering text testimrail@yopmail.com
2025-07-26 12:12:23 [TestNG-test=UI Automation Test-2] INFO  com.ui.pages.LoginPage::enterText::157 - Finding element with the locator By.id: passwd
2025-07-26 12:12:23 [TestNG-test=UI Automation Test-2] INFO  com.ui.pages.LoginPage::enterText::161 - Element found now entering text password
2025-07-26 12:12:23 [TestNG-test=UI Automation Test-3] INFO  com.ui.pages.MyAccountPage::getVisibleText::169 - Finding element with the locator By.xpath: //a[@title='View my customer account']
2025-07-26 12:12:23 [TestNG-test=UI Automation Test-2] INFO  com.ui.pages.LoginPage::clickOn::146 - Finding element with the locator By.id: SubmitLogin
2025-07-26 12:12:23 [TestNG-test=UI Automation Test-3] INFO  com.ui.pages.MyAccountPage::getVisibleText::173 - Element found now returning visible text Saman Sahu
2025-07-26 12:12:23 [TestNG-test=UI Automation Test-1] INFO  com.ui.tests.LoginTest::setUp::43 - Load the home page of this website
2025-07-26 12:12:23 [TestNG-test=UI Automation Test-1] INFO  com.ui.tests.LoginTest::setUp::44 - Browser parameter received: 'chrome'
2025-07-26 12:12:23 [TestNG-test=UI Automation Test-1] INFO  com.ui.pages.HomePage::<init>::87 - Launching Browser for CHROME
2025-07-26 12:12:23 [TestNG-test=UI Automation Test-2] INFO  com.ui.pages.LoginPage::clickOn::150 - Element found now performing click By.id: SubmitLogin
2025-07-26 12:12:23 [TestNG-test=UI Automation Test-3] INFO  com.ui.listeners.TestListeners::onTestSuccess::37 - loginJsonTest PASSED
]]></system-out>
  </testcase>
  <testcase name="loginExcelTest[User [emailAddress=testimrail@yopmail.com, password=password]](1)" classname="com.ui.tests.LoginTest" time="2.831">
    <system-out><![CDATA[2025-07-26 12:12:24 [TestNG-test=UI Automation Test-3] INFO  com.ui.tests.LoginTest::setUp::43 - Load the home page of this website
2025-07-26 12:12:24 [TestNG-test=UI Automation Test-3] INFO  com.ui.tests.LoginTest::setUp::44 - Browser parameter received: 'chrome'
2025-07-26 12:12:24 [TestNG-test=UI Automation Test-3] INFO  com.ui.pages.HomePage::<init>::87 - Launching Browser for CHROME
2025-07-26 12:12:24 [TestNG-test=UI Automation Test-2] INFO  com.ui.pages.MyAccountPage::getVisibleText::169 - Finding element with the locator By.xpath: //a[@title='View my customer account']
2025-07-26 12:12:25 [TestNG-test=UI Automation Test-2] INFO  com.ui.pages.MyAccountPage::getVisibleText::173 - Element found now returning visible text Saman Sahu
2025-07-26 12:12:25 [TestNG-test=UI Automation Test-1] INFO  com.ui.pages.HomePage::goToWebsite::130 - Visiting the Website http://www.automationpractice.pl/
2025-07-26 12:12:25 [TestNG-test=UI Automation Test-2] INFO  com.ui.listeners.TestListeners::onTestSuccess::37 - loginExcelTest PASSED
]]></system-out>
    <system-err><![CDATA[Jul 26, 2025 12:12:25 PM org.openqa.selenium.devtools.CdpVersionFinder findNearestMatch
WARNING: Unable to find an exact match for CDP version 138, returning the closest version; found: 137; Please update to a Selenium version that supports CDP version 138
]]></system-err>
  </testcase>
  <testcase name="loginCSVTest[User [emailAddress=sandsj@yopmail.com, password=pass123]](2)" classname="com.ui.tests.LoginTest" time="1.07">
    <failure message="no such element: Unable to locate element: {&quot;method&quot;:&quot;xpath&quot;,&quot;selector&quot;:&quot;//a[@title=&apos;View my customer account&apos;]&quot;}&#10;  (Session info: chrome=138.0.7204.169)&#10;For documentation on this error, please visit: https://www.selenium.dev/documentation/webdriver/troubleshooting/errors#no-such-element-exception&#10;Build info: version: &apos;4.33.0&apos;, revision: &apos;2c6aaad03a&apos;&#10;System info: os.name: &apos;Windows 11&apos;, os.arch: &apos;amd64&apos;, os.version: &apos;10.0&apos;, java.version: &apos;23.0.2&apos;&#10;Driver info: org.openqa.selenium.chrome.ChromeDriver&#10;Command: [367e42049bf00ad650c819c73b5273cf, findElement {value=//a[@title=&apos;View my customer account&apos;], using=xpath}]&#10;Capabilities {acceptInsecureCerts: false, browserName: chrome, browserVersion: 138.0.7204.169, chrome: {chromedriverVersion: 138.0.7204.168 (3e8d82e86e9..., userDataDir: C:\Users\sata0222\AppData\L...}, fedcm:accounts: true, goog:chromeOptions: {debuggerAddress: localhost:59650}, networkConnectionEnabled: false, pageLoadStrategy: normal, platformName: windows, proxy: Proxy(), se:cdp: ws://localhost:59650/devtoo..., se:cdpVersion: 138.0.7204.169, setWindowRect: true, strictFileInteractability: false, timeouts: {implicit: 0, pageLoad: 300000, script: 30000}, unhandledPromptBehavior: dismiss and notify, webauthn:extension:credBlob: true, webauthn:extension:largeBlob: true, webauthn:extension:minPinLength: true, webauthn:extension:prf: true, webauthn:virtualAuthenticators: true}&#10;Session ID: 367e42049bf00ad650c819c73b5273cf" type="org.openqa.selenium.NoSuchElementException"><![CDATA[org.openqa.selenium.NoSuchElementException: 
no such element: Unable to locate element: {"method":"xpath","selector":"//a[@title='View my customer account']"}
  (Session info: chrome=138.0.7204.169)
For documentation on this error, please visit: https://www.selenium.dev/documentation/webdriver/troubleshooting/errors#no-such-element-exception
Build info: version: '4.33.0', revision: '2c6aaad03a'
System info: os.name: 'Windows 11', os.arch: 'amd64', os.version: '10.0', java.version: '23.0.2'
Driver info: org.openqa.selenium.chrome.ChromeDriver
Command: [367e42049bf00ad650c819c73b5273cf, findElement {value=//a[@title='View my customer account'], using=xpath}]
Capabilities {acceptInsecureCerts: false, browserName: chrome, browserVersion: 138.0.7204.169, chrome: {chromedriverVersion: 138.0.7204.168 (3e8d82e86e9..., userDataDir: C:\Users\sata0222\AppData\L...}, fedcm:accounts: true, goog:chromeOptions: {debuggerAddress: localhost:59650}, networkConnectionEnabled: false, pageLoadStrategy: normal, platformName: windows, proxy: Proxy(), se:cdp: ws://localhost:59650/devtoo..., se:cdpVersion: 138.0.7204.169, setWindowRect: true, strictFileInteractability: false, timeouts: {implicit: 0, pageLoad: 300000, script: 30000}, unhandledPromptBehavior: dismiss and notify, webauthn:extension:credBlob: true, webauthn:extension:largeBlob: true, webauthn:extension:minPinLength: true, webauthn:extension:prf: true, webauthn:virtualAuthenticators: true}
Session ID: 367e42049bf00ad650c819c73b5273cf
	at java.base/jdk.internal.reflect.DirectConstructorHandleAccessor.newInstance(DirectConstructorHandleAccessor.java:62)
	at java.base/java.lang.reflect.Constructor.newInstanceWithCaller(Constructor.java:501)
	at java.base/java.lang.reflect.Constructor.newInstance(Constructor.java:485)
	at org.openqa.selenium.remote.ErrorCodec.decode(ErrorCodec.java:167)
	at org.openqa.selenium.remote.codec.w3c.W3CHttpResponseCodec.decode(W3CHttpResponseCodec.java:138)
	at org.openqa.selenium.remote.codec.w3c.W3CHttpResponseCodec.decode(W3CHttpResponseCodec.java:50)
	at org.openqa.selenium.remote.HttpCommandExecutor.execute(HttpCommandExecutor.java:215)
	at org.openqa.selenium.remote.service.DriverCommandExecutor.invokeExecute(DriverCommandExecutor.java:216)
	at org.openqa.selenium.remote.service.DriverCommandExecutor.execute(DriverCommandExecutor.java:174)
	at org.openqa.selenium.remote.RemoteWebDriver.execute(RemoteWebDriver.java:544)
	at org.openqa.selenium.remote.ElementLocation$ElementFinder$2.findElement(ElementLocation.java:165)
	at org.openqa.selenium.remote.ElementLocation.findElement(ElementLocation.java:59)
	at org.openqa.selenium.remote.RemoteWebDriver.findElement(RemoteWebDriver.java:367)
	at org.openqa.selenium.remote.RemoteWebDriver.findElement(RemoteWebDriver.java:361)
	at com.utility.BrowserUtility.getVisibleText(BrowserUtility.java:171)
	at com.ui.pages.MyAccountPage.getUserName(MyAccountPage.java:20)
	at com.ui.tests.LoginTest.loginCSVTest(LoginTest.java:80)
	at java.base/jdk.internal.reflect.DirectMethodHandleAccessor.invoke(DirectMethodHandleAccessor.java:103)
	at java.base/java.lang.reflect.Method.invoke(Method.java:580)
	at org.testng.internal.MethodInvocationHelper.invokeMethod(MethodInvocationHelper.java:133)
	at org.testng.internal.TestInvoker.invokeMethod(TestInvoker.java:598)
	at org.testng.internal.TestInvoker.retryFailed(TestInvoker.java:213)
	at org.testng.internal.MethodRunner.runInSequence(MethodRunner.java:58)
	at org.testng.internal.TestInvoker$MethodInvocationAgent.invoke(TestInvoker.java:824)
	at org.testng.internal.TestInvoker.invokeTestMethods(TestInvoker.java:146)
	at org.testng.internal.TestMethodWorker.invokeTestMethods(TestMethodWorker.java:146)
	at org.testng.internal.TestMethodWorker.run(TestMethodWorker.java:128)
	at java.base/java.util.concurrent.ThreadPoolExecutor.runWorker(ThreadPoolExecutor.java:1144)
	at java.base/java.util.concurrent.ThreadPoolExecutor$Worker.run(ThreadPoolExecutor.java:642)
	at java.base/java.lang.Thread.run(Thread.java:1575)
]]></failure>
    <system-out><![CDATA[2025-07-26 12:12:25 [TestNG-test=UI Automation Test-3] INFO  com.ui.pages.HomePage::goToWebsite::130 - Visiting the Website http://www.automationpractice.pl/
2025-07-26 12:12:29 [TestNG-test=UI Automation Test-1] INFO  com.ui.listeners.TestListeners::onTestStart::29 - loginCSVTest
2025-07-26 12:12:29 [TestNG-test=UI Automation Test-1] INFO  com.ui.listeners.TestListeners::onTestStart::30 - Verifies with valid user is able to login into Application
2025-07-26 12:12:29 [TestNG-test=UI Automation Test-1] INFO  com.ui.listeners.TestListeners::onTestStart::31 - [e2e, sanity]
2025-07-26 12:12:29 [TestNG-test=UI Automation Test-1] INFO  com.ui.pages.HomePage::goToLoginPage::37 - Performing click to go to sign in Page
2025-07-26 12:12:29 [TestNG-test=UI Automation Test-1] INFO  com.ui.pages.HomePage::clickOn::146 - Finding element with the locator By.linkText: Sign in
2025-07-26 12:12:29 [TestNG-test=UI Automation Test-1] INFO  com.ui.pages.HomePage::clickOn::150 - Element found now performing click By.linkText: Sign in
2025-07-26 12:12:30 [TestNG-test=UI Automation Test-3] INFO  com.ui.listeners.TestListeners::onTestStart::29 - loginJsonTest
2025-07-26 12:12:30 [TestNG-test=UI Automation Test-3] INFO  com.ui.listeners.TestListeners::onTestStart::30 - Verifies with valid user is able to login into Application
2025-07-26 12:12:30 [TestNG-test=UI Automation Test-3] INFO  com.ui.listeners.TestListeners::onTestStart::31 - [e2e, sanity]
2025-07-26 12:12:30 [TestNG-test=UI Automation Test-3] INFO  com.ui.pages.HomePage::goToLoginPage::37 - Performing click to go to sign in Page
2025-07-26 12:12:30 [TestNG-test=UI Automation Test-3] INFO  com.ui.pages.HomePage::clickOn::146 - Finding element with the locator By.linkText: Sign in
2025-07-26 12:12:30 [TestNG-test=UI Automation Test-3] INFO  com.ui.pages.HomePage::clickOn::150 - Element found now performing click By.linkText: Sign in
2025-07-26 12:12:30 [TestNG-test=UI Automation Test-1] INFO  com.ui.pages.LoginPage::enterText::157 - Finding element with the locator By.id: email
2025-07-26 12:12:30 [TestNG-test=UI Automation Test-1] INFO  com.ui.pages.LoginPage::enterText::161 - Element found now entering text sandsj@yopmail.com
2025-07-26 12:12:30 [TestNG-test=UI Automation Test-1] INFO  com.ui.pages.LoginPage::enterText::157 - Finding element with the locator By.id: passwd
2025-07-26 12:12:30 [TestNG-test=UI Automation Test-1] INFO  com.ui.pages.LoginPage::enterText::161 - Element found now entering text pass123
2025-07-26 12:12:30 [TestNG-test=UI Automation Test-1] INFO  com.ui.pages.LoginPage::clickOn::146 - Finding element with the locator By.id: SubmitLogin
2025-07-26 12:12:30 [TestNG-test=UI Automation Test-1] INFO  com.ui.pages.LoginPage::clickOn::150 - Element found now performing click By.id: SubmitLogin
2025-07-26 12:12:31 [TestNG-test=UI Automation Test-1] INFO  com.ui.pages.MyAccountPage::getVisibleText::169 - Finding element with the locator By.xpath: //a[@title='View my customer account']
2025-07-26 12:12:31 [TestNG-test=UI Automation Test-3] INFO  com.ui.pages.LoginPage::enterText::157 - Finding element with the locator By.id: email
2025-07-26 12:12:31 [TestNG-test=UI Automation Test-1] ERROR com.ui.listeners.TestListeners::onTestFailure::44 - loginCSVTest FAILED
2025-07-26 12:12:31 [TestNG-test=UI Automation Test-1] ERROR com.ui.listeners.TestListeners::onTestFailure::45 - no such element: Unable to locate element: {"method":"xpath","selector":"//a[@title='View my customer account']"}
  (Session info: chrome=138.0.7204.169)
For documentation on this error, please visit: https://www.selenium.dev/documentation/webdriver/troubleshooting/errors#no-such-element-exception
Build info: version: '4.33.0', revision: '2c6aaad03a'
System info: os.name: 'Windows 11', os.arch: 'amd64', os.version: '10.0', java.version: '23.0.2'
Driver info: org.openqa.selenium.chrome.ChromeDriver
Command: [367e42049bf00ad650c819c73b5273cf, findElement {value=//a[@title='View my customer account'], using=xpath}]
Capabilities {acceptInsecureCerts: false, browserName: chrome, browserVersion: 138.0.7204.169, chrome: {chromedriverVersion: 138.0.7204.168 (3e8d82e86e9..., userDataDir: C:\Users\sata0222\AppData\L...}, fedcm:accounts: true, goog:chromeOptions: {debuggerAddress: localhost:59650}, networkConnectionEnabled: false, pageLoadStrategy: normal, platformName: windows, proxy: Proxy(), se:cdp: ws://localhost:59650/devtoo..., se:cdpVersion: 138.0.7204.169, setWindowRect: true, strictFileInteractability: false, timeouts: {implicit: 0, pageLoad: 300000, script: 30000}, unhandledPromptBehavior: dismiss and notify, webauthn:extension:credBlob: true, webauthn:extension:largeBlob: true, webauthn:extension:minPinLength: true, webauthn:extension:prf: true, webauthn:virtualAuthenticators: true}
Session ID: 367e42049bf00ad650c819c73b5273cf
2025-07-26 12:12:31 [TestNG-test=UI Automation Test-1] INFO  com.ui.listeners.TestListeners::onTestFailure::62 - Capturing Screenshot for the failed test
2025-07-26 12:12:31 [TestNG-test=UI Automation Test-3] INFO  com.ui.pages.LoginPage::enterText::161 - Element found now entering text sandsj@yopmail.com
2025-07-26 12:12:31 [TestNG-test=UI Automation Test-3] INFO  com.ui.pages.LoginPage::enterText::157 - Finding element with the locator By.id: passwd
2025-07-26 12:12:31 [TestNG-test=UI Automation Test-3] INFO  com.ui.pages.LoginPage::enterText::161 - Element found now entering text password
2025-07-26 12:12:31 [TestNG-test=UI Automation Test-3] INFO  com.ui.pages.LoginPage::clickOn::146 - Finding element with the locator By.id: SubmitLogin
2025-07-26 12:12:31 [TestNG-test=UI Automation Test-1] INFO  com.ui.listeners.TestListeners::onTestFailure::65 - Attaching Screenshot to the HTML File
]]></system-out>
    <system-err><![CDATA[Jul 26, 2025 12:12:25 PM org.openqa.selenium.devtools.CdpVersionFinder findNearestMatch
WARNING: Unable to find an exact match for CDP version 138, returning the closest version; found: 137; Please update to a Selenium version that supports CDP version 138
]]></system-err>
  </testcase>
  <testcase name="loginJsonTest[User [emailAddress=sandsj@yopmail.com, password=password]](2)" classname="com.ui.tests.LoginTest" time="1.834">
    <failure message="no such element: Unable to locate element: {&quot;method&quot;:&quot;xpath&quot;,&quot;selector&quot;:&quot;//a[@title=&apos;View my customer account&apos;]&quot;}&#10;  (Session info: chrome=138.0.7204.169)&#10;For documentation on this error, please visit: https://www.selenium.dev/documentation/webdriver/troubleshooting/errors#no-such-element-exception&#10;Build info: version: &apos;4.33.0&apos;, revision: &apos;2c6aaad03a&apos;&#10;System info: os.name: &apos;Windows 11&apos;, os.arch: &apos;amd64&apos;, os.version: &apos;10.0&apos;, java.version: &apos;23.0.2&apos;&#10;Driver info: org.openqa.selenium.chrome.ChromeDriver&#10;Command: [d7221075eb00907501ac4108c2002f4b, findElement {value=//a[@title=&apos;View my customer account&apos;], using=xpath}]&#10;Capabilities {acceptInsecureCerts: false, browserName: chrome, browserVersion: 138.0.7204.169, chrome: {chromedriverVersion: 138.0.7204.168 (3e8d82e86e9..., userDataDir: C:\Users\sata0222\AppData\L...}, fedcm:accounts: true, goog:chromeOptions: {debuggerAddress: localhost:59656}, networkConnectionEnabled: false, pageLoadStrategy: normal, platformName: windows, proxy: Proxy(), se:cdp: ws://localhost:59656/devtoo..., se:cdpVersion: 138.0.7204.169, setWindowRect: true, strictFileInteractability: false, timeouts: {implicit: 0, pageLoad: 300000, script: 30000}, unhandledPromptBehavior: dismiss and notify, webauthn:extension:credBlob: true, webauthn:extension:largeBlob: true, webauthn:extension:minPinLength: true, webauthn:extension:prf: true, webauthn:virtualAuthenticators: true}&#10;Session ID: d7221075eb00907501ac4108c2002f4b" type="org.openqa.selenium.NoSuchElementException"><![CDATA[org.openqa.selenium.NoSuchElementException: 
no such element: Unable to locate element: {"method":"xpath","selector":"//a[@title='View my customer account']"}
  (Session info: chrome=138.0.7204.169)
For documentation on this error, please visit: https://www.selenium.dev/documentation/webdriver/troubleshooting/errors#no-such-element-exception
Build info: version: '4.33.0', revision: '2c6aaad03a'
System info: os.name: 'Windows 11', os.arch: 'amd64', os.version: '10.0', java.version: '23.0.2'
Driver info: org.openqa.selenium.chrome.ChromeDriver
Command: [d7221075eb00907501ac4108c2002f4b, findElement {value=//a[@title='View my customer account'], using=xpath}]
Capabilities {acceptInsecureCerts: false, browserName: chrome, browserVersion: 138.0.7204.169, chrome: {chromedriverVersion: 138.0.7204.168 (3e8d82e86e9..., userDataDir: C:\Users\sata0222\AppData\L...}, fedcm:accounts: true, goog:chromeOptions: {debuggerAddress: localhost:59656}, networkConnectionEnabled: false, pageLoadStrategy: normal, platformName: windows, proxy: Proxy(), se:cdp: ws://localhost:59656/devtoo..., se:cdpVersion: 138.0.7204.169, setWindowRect: true, strictFileInteractability: false, timeouts: {implicit: 0, pageLoad: 300000, script: 30000}, unhandledPromptBehavior: dismiss and notify, webauthn:extension:credBlob: true, webauthn:extension:largeBlob: true, webauthn:extension:minPinLength: true, webauthn:extension:prf: true, webauthn:virtualAuthenticators: true}
Session ID: d7221075eb00907501ac4108c2002f4b
	at java.base/jdk.internal.reflect.DirectConstructorHandleAccessor.newInstance(DirectConstructorHandleAccessor.java:62)
	at java.base/java.lang.reflect.Constructor.newInstanceWithCaller(Constructor.java:501)
	at java.base/java.lang.reflect.Constructor.newInstance(Constructor.java:485)
	at org.openqa.selenium.remote.ErrorCodec.decode(ErrorCodec.java:167)
	at org.openqa.selenium.remote.codec.w3c.W3CHttpResponseCodec.decode(W3CHttpResponseCodec.java:138)
	at org.openqa.selenium.remote.codec.w3c.W3CHttpResponseCodec.decode(W3CHttpResponseCodec.java:50)
	at org.openqa.selenium.remote.HttpCommandExecutor.execute(HttpCommandExecutor.java:215)
	at org.openqa.selenium.remote.service.DriverCommandExecutor.invokeExecute(DriverCommandExecutor.java:216)
	at org.openqa.selenium.remote.service.DriverCommandExecutor.execute(DriverCommandExecutor.java:174)
	at org.openqa.selenium.remote.RemoteWebDriver.execute(RemoteWebDriver.java:544)
	at org.openqa.selenium.remote.ElementLocation$ElementFinder$2.findElement(ElementLocation.java:165)
	at org.openqa.selenium.remote.ElementLocation.findElement(ElementLocation.java:59)
	at org.openqa.selenium.remote.RemoteWebDriver.findElement(RemoteWebDriver.java:367)
	at org.openqa.selenium.remote.RemoteWebDriver.findElement(RemoteWebDriver.java:361)
	at com.utility.BrowserUtility.getVisibleText(BrowserUtility.java:171)
	at com.ui.pages.MyAccountPage.getUserName(MyAccountPage.java:20)
	at com.ui.tests.LoginTest.loginJsonTest(LoginTest.java:72)
	at java.base/jdk.internal.reflect.DirectMethodHandleAccessor.invoke(DirectMethodHandleAccessor.java:103)
	at java.base/java.lang.reflect.Method.invoke(Method.java:580)
	at org.testng.internal.MethodInvocationHelper.invokeMethod(MethodInvocationHelper.java:133)
	at org.testng.internal.TestInvoker.invokeMethod(TestInvoker.java:598)
	at org.testng.internal.TestInvoker.invokeTestMethod(TestInvoker.java:173)
	at org.testng.internal.MethodRunner.runInSequence(MethodRunner.java:46)
	at org.testng.internal.TestInvoker$MethodInvocationAgent.invoke(TestInvoker.java:824)
	at org.testng.internal.TestInvoker.invokeTestMethods(TestInvoker.java:146)
	at org.testng.internal.TestMethodWorker.invokeTestMethods(TestMethodWorker.java:146)
	at org.testng.internal.TestMethodWorker.run(TestMethodWorker.java:128)
	at java.base/java.util.concurrent.ThreadPoolExecutor.runWorker(ThreadPoolExecutor.java:1144)
	at java.base/java.util.concurrent.ThreadPoolExecutor$Worker.run(ThreadPoolExecutor.java:642)
	at java.base/java.lang.Thread.run(Thread.java:1575)
]]></failure>
    <system-out><![CDATA[2025-07-26 12:12:31 [TestNG-test=UI Automation Test-3] INFO  com.ui.pages.LoginPage::clickOn::150 - Element found now performing click By.id: SubmitLogin
2025-07-26 12:12:31 [TestNG-test=UI Automation Test-1] INFO  com.ui.tests.LoginTest::setUp::43 - Load the home page of this website
2025-07-26 12:12:31 [TestNG-test=UI Automation Test-1] INFO  com.ui.tests.LoginTest::setUp::44 - Browser parameter received: 'chrome'
2025-07-26 12:12:31 [TestNG-test=UI Automation Test-1] INFO  com.ui.pages.HomePage::<init>::87 - Launching Browser for CHROME
2025-07-26 12:12:31 [TestNG-test=UI Automation Test-3] INFO  com.ui.pages.MyAccountPage::getVisibleText::169 - Finding element with the locator By.xpath: //a[@title='View my customer account']
2025-07-26 12:12:31 [TestNG-test=UI Automation Test-3] ERROR com.ui.listeners.TestListeners::onTestFailure::44 - loginJsonTest FAILED
2025-07-26 12:12:31 [TestNG-test=UI Automation Test-3] ERROR com.ui.listeners.TestListeners::onTestFailure::45 - no such element: Unable to locate element: {"method":"xpath","selector":"//a[@title='View my customer account']"}
  (Session info: chrome=138.0.7204.169)
For documentation on this error, please visit: https://www.selenium.dev/documentation/webdriver/troubleshooting/errors#no-such-element-exception
Build info: version: '4.33.0', revision: '2c6aaad03a'
System info: os.name: 'Windows 11', os.arch: 'amd64', os.version: '10.0', java.version: '23.0.2'
Driver info: org.openqa.selenium.chrome.ChromeDriver
Command: [d7221075eb00907501ac4108c2002f4b, findElement {value=//a[@title='View my customer account'], using=xpath}]
Capabilities {acceptInsecureCerts: false, browserName: chrome, browserVersion: 138.0.7204.169, chrome: {chromedriverVersion: 138.0.7204.168 (3e8d82e86e9..., userDataDir: C:\Users\sata0222\AppData\L...}, fedcm:accounts: true, goog:chromeOptions: {debuggerAddress: localhost:59656}, networkConnectionEnabled: false, pageLoadStrategy: normal, platformName: windows, proxy: Proxy(), se:cdp: ws://localhost:59656/devtoo..., se:cdpVersion: 138.0.7204.169, setWindowRect: true, strictFileInteractability: false, timeouts: {implicit: 0, pageLoad: 300000, script: 30000}, unhandledPromptBehavior: dismiss and notify, webauthn:extension:credBlob: true, webauthn:extension:largeBlob: true, webauthn:extension:minPinLength: true, webauthn:extension:prf: true, webauthn:virtualAuthenticators: true}
Session ID: d7221075eb00907501ac4108c2002f4b
2025-07-26 12:12:31 [TestNG-test=UI Automation Test-3] INFO  com.ui.listeners.TestListeners::onTestFailure::62 - Capturing Screenshot for the failed test
2025-07-26 12:12:32 [TestNG-test=UI Automation Test-3] INFO  com.ui.listeners.TestListeners::onTestFailure::65 - Attaching Screenshot to the HTML File
]]></system-out>
  </testcase>
  <testcase name="loginCSVTest[User [emailAddress=testimrail@yopmail.com, password=password]](3)" classname="com.ui.tests.LoginTest" time="1.917">
    <system-out><![CDATA[2025-07-26 12:12:32 [TestNG-test=UI Automation Test-1] INFO  com.ui.pages.HomePage::goToWebsite::130 - Visiting the Website http://www.automationpractice.pl/
2025-07-26 12:12:37 [TestNG-test=UI Automation Test-1] INFO  com.ui.listeners.TestListeners::onTestStart::29 - loginCSVTest
2025-07-26 12:12:37 [TestNG-test=UI Automation Test-1] INFO  com.ui.listeners.TestListeners::onTestStart::30 - Verifies with valid user is able to login into Application
2025-07-26 12:12:37 [TestNG-test=UI Automation Test-1] INFO  com.ui.listeners.TestListeners::onTestStart::31 - [e2e, sanity]
2025-07-26 12:12:37 [TestNG-test=UI Automation Test-1] INFO  com.ui.pages.HomePage::goToLoginPage::37 - Performing click to go to sign in Page
2025-07-26 12:12:37 [TestNG-test=UI Automation Test-1] INFO  com.ui.pages.HomePage::clickOn::146 - Finding element with the locator By.linkText: Sign in
2025-07-26 12:12:37 [TestNG-test=UI Automation Test-1] INFO  com.ui.pages.HomePage::clickOn::150 - Element found now performing click By.linkText: Sign in
2025-07-26 12:12:38 [TestNG-test=UI Automation Test-1] INFO  com.ui.pages.LoginPage::enterText::157 - Finding element with the locator By.id: email
2025-07-26 12:12:38 [TestNG-test=UI Automation Test-1] INFO  com.ui.pages.LoginPage::enterText::161 - Element found now entering text testimrail@yopmail.com
2025-07-26 12:12:38 [TestNG-test=UI Automation Test-1] INFO  com.ui.pages.LoginPage::enterText::157 - Finding element with the locator By.id: passwd
2025-07-26 12:12:38 [TestNG-test=UI Automation Test-1] INFO  com.ui.pages.LoginPage::enterText::161 - Element found now entering text password
2025-07-26 12:12:38 [TestNG-test=UI Automation Test-1] INFO  com.ui.pages.LoginPage::clickOn::146 - Finding element with the locator By.id: SubmitLogin
2025-07-26 12:12:38 [TestNG-test=UI Automation Test-1] INFO  com.ui.pages.LoginPage::clickOn::150 - Element found now performing click By.id: SubmitLogin
2025-07-26 12:12:38 [TestNG-test=UI Automation Test-1] INFO  com.ui.pages.MyAccountPage::getVisibleText::169 - Finding element with the locator By.xpath: //a[@title='View my customer account']
2025-07-26 12:12:39 [TestNG-test=UI Automation Test-1] INFO  com.ui.pages.MyAccountPage::getVisibleText::173 - Element found now returning visible text Saman Sahu
2025-07-26 12:12:39 [TestNG-test=UI Automation Test-1] INFO  com.ui.listeners.TestListeners::onTestSuccess::37 - loginCSVTest PASSED
]]></system-out>
    <system-err><![CDATA[Jul 26, 2025 12:12:32 PM org.openqa.selenium.devtools.CdpVersionFinder findNearestMatch
WARNING: Unable to find an exact match for CDP version 138, returning the closest version; found: 137; Please update to a Selenium version that supports CDP version 138
]]></system-err>
  </testcase>
  <testcase name="loginCSVTest[User [emailAddress=taestimrail@yopmail.com, password=password]](4)" classname="com.ui.tests.LoginTest" time="1.64">
    <failure message="no such element: Unable to locate element: {&quot;method&quot;:&quot;xpath&quot;,&quot;selector&quot;:&quot;//a[@title=&apos;View my customer account&apos;]&quot;}&#10;  (Session info: chrome=138.0.7204.169)&#10;For documentation on this error, please visit: https://www.selenium.dev/documentation/webdriver/troubleshooting/errors#no-such-element-exception&#10;Build info: version: &apos;4.33.0&apos;, revision: &apos;2c6aaad03a&apos;&#10;System info: os.name: &apos;Windows 11&apos;, os.arch: &apos;amd64&apos;, os.version: &apos;10.0&apos;, java.version: &apos;23.0.2&apos;&#10;Driver info: org.openqa.selenium.chrome.ChromeDriver&#10;Command: [358b8e2943a619f6c120d7d63880580e, findElement {value=//a[@title=&apos;View my customer account&apos;], using=xpath}]&#10;Capabilities {acceptInsecureCerts: false, browserName: chrome, browserVersion: 138.0.7204.169, chrome: {chromedriverVersion: 138.0.7204.168 (3e8d82e86e9..., userDataDir: C:\Users\sata0222\AppData\L...}, fedcm:accounts: true, goog:chromeOptions: {debuggerAddress: localhost:59745}, networkConnectionEnabled: false, pageLoadStrategy: normal, platformName: windows, proxy: Proxy(), se:cdp: ws://localhost:59745/devtoo..., se:cdpVersion: 138.0.7204.169, setWindowRect: true, strictFileInteractability: false, timeouts: {implicit: 0, pageLoad: 300000, script: 30000}, unhandledPromptBehavior: dismiss and notify, webauthn:extension:credBlob: true, webauthn:extension:largeBlob: true, webauthn:extension:minPinLength: true, webauthn:extension:prf: true, webauthn:virtualAuthenticators: true}&#10;Session ID: 358b8e2943a619f6c120d7d63880580e" type="org.openqa.selenium.NoSuchElementException"><![CDATA[org.openqa.selenium.NoSuchElementException: 
no such element: Unable to locate element: {"method":"xpath","selector":"//a[@title='View my customer account']"}
  (Session info: chrome=138.0.7204.169)
For documentation on this error, please visit: https://www.selenium.dev/documentation/webdriver/troubleshooting/errors#no-such-element-exception
Build info: version: '4.33.0', revision: '2c6aaad03a'
System info: os.name: 'Windows 11', os.arch: 'amd64', os.version: '10.0', java.version: '23.0.2'
Driver info: org.openqa.selenium.chrome.ChromeDriver
Command: [358b8e2943a619f6c120d7d63880580e, findElement {value=//a[@title='View my customer account'], using=xpath}]
Capabilities {acceptInsecureCerts: false, browserName: chrome, browserVersion: 138.0.7204.169, chrome: {chromedriverVersion: 138.0.7204.168 (3e8d82e86e9..., userDataDir: C:\Users\sata0222\AppData\L...}, fedcm:accounts: true, goog:chromeOptions: {debuggerAddress: localhost:59745}, networkConnectionEnabled: false, pageLoadStrategy: normal, platformName: windows, proxy: Proxy(), se:cdp: ws://localhost:59745/devtoo..., se:cdpVersion: 138.0.7204.169, setWindowRect: true, strictFileInteractability: false, timeouts: {implicit: 0, pageLoad: 300000, script: 30000}, unhandledPromptBehavior: dismiss and notify, webauthn:extension:credBlob: true, webauthn:extension:largeBlob: true, webauthn:extension:minPinLength: true, webauthn:extension:prf: true, webauthn:virtualAuthenticators: true}
Session ID: 358b8e2943a619f6c120d7d63880580e
	at java.base/jdk.internal.reflect.DirectConstructorHandleAccessor.newInstance(DirectConstructorHandleAccessor.java:62)
	at java.base/java.lang.reflect.Constructor.newInstanceWithCaller(Constructor.java:501)
	at java.base/java.lang.reflect.Constructor.newInstance(Constructor.java:485)
	at org.openqa.selenium.remote.ErrorCodec.decode(ErrorCodec.java:167)
	at org.openqa.selenium.remote.codec.w3c.W3CHttpResponseCodec.decode(W3CHttpResponseCodec.java:138)
	at org.openqa.selenium.remote.codec.w3c.W3CHttpResponseCodec.decode(W3CHttpResponseCodec.java:50)
	at org.openqa.selenium.remote.HttpCommandExecutor.execute(HttpCommandExecutor.java:215)
	at org.openqa.selenium.remote.service.DriverCommandExecutor.invokeExecute(DriverCommandExecutor.java:216)
	at org.openqa.selenium.remote.service.DriverCommandExecutor.execute(DriverCommandExecutor.java:174)
	at org.openqa.selenium.remote.RemoteWebDriver.execute(RemoteWebDriver.java:544)
	at org.openqa.selenium.remote.ElementLocation$ElementFinder$2.findElement(ElementLocation.java:165)
	at org.openqa.selenium.remote.ElementLocation.findElement(ElementLocation.java:59)
	at org.openqa.selenium.remote.RemoteWebDriver.findElement(RemoteWebDriver.java:367)
	at org.openqa.selenium.remote.RemoteWebDriver.findElement(RemoteWebDriver.java:361)
	at com.utility.BrowserUtility.getVisibleText(BrowserUtility.java:171)
	at com.ui.pages.MyAccountPage.getUserName(MyAccountPage.java:20)
	at com.ui.tests.LoginTest.loginCSVTest(LoginTest.java:80)
	at java.base/jdk.internal.reflect.DirectMethodHandleAccessor.invoke(DirectMethodHandleAccessor.java:103)
	at java.base/java.lang.reflect.Method.invoke(Method.java:580)
	at org.testng.internal.MethodInvocationHelper.invokeMethod(MethodInvocationHelper.java:133)
	at org.testng.internal.TestInvoker.invokeMethod(TestInvoker.java:598)
	at org.testng.internal.TestInvoker.invokeTestMethod(TestInvoker.java:173)
	at org.testng.internal.MethodRunner.runInSequence(MethodRunner.java:46)
	at org.testng.internal.TestInvoker$MethodInvocationAgent.invoke(TestInvoker.java:824)
	at org.testng.internal.TestInvoker.invokeTestMethods(TestInvoker.java:146)
	at org.testng.internal.TestMethodWorker.invokeTestMethods(TestMethodWorker.java:146)
	at org.testng.internal.TestMethodWorker.run(TestMethodWorker.java:128)
	at java.base/java.util.concurrent.ThreadPoolExecutor.runWorker(ThreadPoolExecutor.java:1144)
	at java.base/java.util.concurrent.ThreadPoolExecutor$Worker.run(ThreadPoolExecutor.java:642)
	at java.base/java.lang.Thread.run(Thread.java:1575)
]]></failure>
    <system-out><![CDATA[2025-07-26 12:12:39 [TestNG-test=UI Automation Test-1] INFO  com.ui.tests.LoginTest::setUp::43 - Load the home page of this website
2025-07-26 12:12:39 [TestNG-test=UI Automation Test-1] INFO  com.ui.tests.LoginTest::setUp::44 - Browser parameter received: 'chrome'
2025-07-26 12:12:39 [TestNG-test=UI Automation Test-1] INFO  com.ui.pages.HomePage::<init>::87 - Launching Browser for CHROME
2025-07-26 12:12:40 [TestNG-test=UI Automation Test-1] INFO  com.ui.pages.HomePage::goToWebsite::130 - Visiting the Website http://www.automationpractice.pl/
2025-07-26 12:12:45 [TestNG-test=UI Automation Test-1] INFO  com.ui.listeners.TestListeners::onTestStart::29 - loginCSVTest
2025-07-26 12:12:45 [TestNG-test=UI Automation Test-1] INFO  com.ui.listeners.TestListeners::onTestStart::30 - Verifies with valid user is able to login into Application
2025-07-26 12:12:45 [TestNG-test=UI Automation Test-1] INFO  com.ui.listeners.TestListeners::onTestStart::31 - [e2e, sanity]
2025-07-26 12:12:45 [TestNG-test=UI Automation Test-1] INFO  com.ui.pages.HomePage::goToLoginPage::37 - Performing click to go to sign in Page
2025-07-26 12:12:45 [TestNG-test=UI Automation Test-1] INFO  com.ui.pages.HomePage::clickOn::146 - Finding element with the locator By.linkText: Sign in
2025-07-26 12:12:45 [TestNG-test=UI Automation Test-1] INFO  com.ui.pages.HomePage::clickOn::150 - Element found now performing click By.linkText: Sign in
2025-07-26 12:12:46 [TestNG-test=UI Automation Test-1] INFO  com.ui.pages.LoginPage::enterText::157 - Finding element with the locator By.id: email
2025-07-26 12:12:46 [TestNG-test=UI Automation Test-1] INFO  com.ui.pages.LoginPage::enterText::161 - Element found now entering text taestimrail@yopmail.com
2025-07-26 12:12:46 [TestNG-test=UI Automation Test-1] INFO  com.ui.pages.LoginPage::enterText::157 - Finding element with the locator By.id: passwd
2025-07-26 12:12:46 [TestNG-test=UI Automation Test-1] INFO  com.ui.pages.LoginPage::enterText::161 - Element found now entering text password
2025-07-26 12:12:46 [TestNG-test=UI Automation Test-1] INFO  com.ui.pages.LoginPage::clickOn::146 - Finding element with the locator By.id: SubmitLogin
2025-07-26 12:12:46 [TestNG-test=UI Automation Test-1] INFO  com.ui.pages.LoginPage::clickOn::150 - Element found now performing click By.id: SubmitLogin
2025-07-26 12:12:46 [TestNG-test=UI Automation Test-1] INFO  com.ui.pages.MyAccountPage::getVisibleText::169 - Finding element with the locator By.xpath: //a[@title='View my customer account']
2025-07-26 12:12:46 [TestNG-test=UI Automation Test-1] ERROR com.ui.listeners.TestListeners::onTestFailure::44 - loginCSVTest FAILED
2025-07-26 12:12:46 [TestNG-test=UI Automation Test-1] ERROR com.ui.listeners.TestListeners::onTestFailure::45 - no such element: Unable to locate element: {"method":"xpath","selector":"//a[@title='View my customer account']"}
  (Session info: chrome=138.0.7204.169)
For documentation on this error, please visit: https://www.selenium.dev/documentation/webdriver/troubleshooting/errors#no-such-element-exception
Build info: version: '4.33.0', revision: '2c6aaad03a'
System info: os.name: 'Windows 11', os.arch: 'amd64', os.version: '10.0', java.version: '23.0.2'
Driver info: org.openqa.selenium.chrome.ChromeDriver
Command: [358b8e2943a619f6c120d7d63880580e, findElement {value=//a[@title='View my customer account'], using=xpath}]
Capabilities {acceptInsecureCerts: false, browserName: chrome, browserVersion: 138.0.7204.169, chrome: {chromedriverVersion: 138.0.7204.168 (3e8d82e86e9..., userDataDir: C:\Users\sata0222\AppData\L...}, fedcm:accounts: true, goog:chromeOptions: {debuggerAddress: localhost:59745}, networkConnectionEnabled: false, pageLoadStrategy: normal, platformName: windows, proxy: Proxy(), se:cdp: ws://localhost:59745/devtoo..., se:cdpVersion: 138.0.7204.169, setWindowRect: true, strictFileInteractability: false, timeouts: {implicit: 0, pageLoad: 300000, script: 30000}, unhandledPromptBehavior: dismiss and notify, webauthn:extension:credBlob: true, webauthn:extension:largeBlob: true, webauthn:extension:minPinLength: true, webauthn:extension:prf: true, webauthn:virtualAuthenticators: true}
Session ID: 358b8e2943a619f6c120d7d63880580e
2025-07-26 12:12:46 [TestNG-test=UI Automation Test-1] INFO  com.ui.listeners.TestListeners::onTestFailure::62 - Capturing Screenshot for the failed test
2025-07-26 12:12:46 [TestNG-test=UI Automation Test-1] INFO  com.ui.listeners.TestListeners::onTestFailure::65 - Attaching Screenshot to the HTML File
]]></system-out>
    <system-err><![CDATA[Jul 26, 2025 12:12:40 PM org.openqa.selenium.devtools.CdpVersionFinder findNearestMatch
WARNING: Unable to find an exact match for CDP version 138, returning the closest version; found: 137; Please update to a Selenium version that supports CDP version 138
]]></system-err>
  </testcase>
</testsuite>