<?xml version="1.0" encoding="UTF-8"?>
<testng-results ignored="3" total="5" passed="2" failed="0" skipped="0">
  <reporter-output>
  </reporter-output>
  <suite started-at="2025-01-26T18:25:14 IST" name="Purchase" finished-at="2025-01-26T18:25:51 IST" duration-ms="36928">
    <groups>
      <group name="Purchase">
        <method signature="SubmitorderTest.submitorder(java.util.HashMap)[pri:0, instance:AutomationFramework.tests.SubmitorderTest@4a94ee4]" name="submitorder" class="AutomationFramework.tests.SubmitorderTest"/>
      </group> <!-- Purchase -->
    </groups>
    <test started-at="2025-01-26T18:25:14 IST" name="Submit order Test" finished-at="2025-01-26T18:25:51 IST" duration-ms="36866">
      <class name="AutomationFramework.tests.SubmitorderTest">
        <test-method is-config="true" signature="launchapp()[pri:0, instance:AutomationFramework.tests.SubmitorderTest@4a94ee4]" started-at="2025-01-26T18:25:15 IST" name="launchapp" finished-at="2025-01-26T18:25:20 IST" duration-ms="4883" status="PASS">
          <reporter-output>
          </reporter-output>
        </test-method> <!-- launchapp -->
        <test-method signature="submitorder(java.util.HashMap)[pri:0, instance:AutomationFramework.tests.SubmitorderTest@4a94ee4]" started-at="2025-01-26T18:25:20 IST" name="submitorder" data-provider="getData" finished-at="2025-01-26T18:25:34 IST" duration-ms="14061" status="PASS">
          <params>
            <param index="0">
              <value>
                <![CDATA[{input=QWERTY, password=Test1234, email=Skip123@gmail.com}]]>
              </value>
            </param>
          </params>
          <reporter-output>
          </reporter-output>
        </test-method> <!-- submitorder -->
        <test-method is-config="true" signature="teardown()[pri:0, instance:AutomationFramework.tests.SubmitorderTest@4a94ee4]" started-at="2025-01-26T18:25:34 IST" name="teardown" finished-at="2025-01-26T18:25:34 IST" duration-ms="429" status="PASS">
          <reporter-output>
          </reporter-output>
        </test-method> <!-- teardown -->
        <test-method is-config="true" signature="launchapp()[pri:0, instance:AutomationFramework.tests.SubmitorderTest@4a94ee4]" started-at="2025-01-26T18:25:34 IST" name="launchapp" finished-at="2025-01-26T18:25:37 IST" duration-ms="2588" status="PASS">
          <reporter-output>
          </reporter-output>
        </test-method> <!-- launchapp -->
        <test-method signature="submitorder(java.util.HashMap)[pri:0, instance:AutomationFramework.tests.SubmitorderTest@4a94ee4]" started-at="2025-01-26T18:25:37 IST" name="submitorder" data-provider="getData" finished-at="2025-01-26T18:25:51 IST" duration-ms="14173" status="PASS">
          <params>
            <param index="0">
              <value>
                <![CDATA[{input=BANARSI SAREE, password=Test1234, email=Skip1234@gmail.com}]]>
              </value>
            </param>
          </params>
          <reporter-output>
          </reporter-output>
        </test-method> <!-- submitorder -->
        <test-method is-config="true" signature="teardown()[pri:0, instance:AutomationFramework.tests.SubmitorderTest@4a94ee4]" started-at="2025-01-26T18:25:51 IST" name="teardown" finished-at="2025-01-26T18:25:51 IST" duration-ms="443" status="PASS">
          <reporter-output>
          </reporter-output>
        </test-method> <!-- teardown -->
      </class> <!-- AutomationFramework.tests.SubmitorderTest -->
    </test> <!-- Submit order Test -->
    <test started-at="2025-01-26T18:25:51 IST" name="ErrorValidation Test" finished-at="2025-01-26T18:25:51 IST" duration-ms="1">
    </test> <!-- ErrorValidation Test -->
  </suite> <!-- Purchase -->
</testng-results>
