<?xml version="1.0" encoding="UTF-8"?>
<!-- Generated by org.testng.reporters.JUnitXMLReporter -->
<testsuite ignored="2" hostname="WS-19080" failures="0" tests="1" name="UI Automation Test" time="9.077" errors="0" timestamp="2025-07-20T15:10:06 IST">
  <testcase classname="com.ui.tests.LoginTest" name="loginExcelTest" time="2.192"/>
  <testcase classname="com.ui.tests.LoginTest" name="loginJsonTest" time="0.0">
    <ignored/>
  </testcase> <!-- loginJsonTest -->
  <testcase classname="com.ui.tests.LoginTest" name="loginCSVTest" time="0.0">
    <ignored/>
  </testcase> <!-- loginCSVTest -->
</testsuite> <!-- UI Automation Test -->
