<?xml version="1.0" encoding="UTF-8"?>
<!-- Generated by org.testng.reporters.JUnitXMLReporter -->
<testsuite ignored="2" hostname="WS-19080" failures="0" tests="1" name="UI Automation Test" time="1.085" errors="0" timestamp="2025-07-24T09:24:36 IST">
  <testcase classname="com.ui.tests.TestBase" name="@BeforeMethod setUp" time="0.025">
    <failure type="java.lang.IllegalArgumentException" message="No enum constant com.constants.Browser.">
      <![CDATA[java.lang.IllegalArgumentException: No enum constant com.constants.Browser.
at java.base/java.lang.Enum.valueOf(Enum.java:293)
at com.constants.Browser.valueOf(Browser.java:3)
at com.ui.tests.TestBase.setUp(TestBase.java:45)
at java.base/java.util.concurrent.ThreadPoolExecutor.runWorker(ThreadPoolExecutor.java:1144)
at java.base/java.util.concurrent.ThreadPoolExecutor$Worker.run(ThreadPoolExecutor.java:642)
at java.base/java.lang.Thread.run(Thread.java:1575)
... Removed 14 stack frames]]>
    </failure>
  </testcase> <!-- @BeforeMethod setUp -->
  <testcase classname="com.ui.tests.TestBase" name="@AfterMethod tearDown" time="-1.753329275798E9">
    <skipped/>
  </testcase> <!-- @AfterMethod tearDown -->
  <testcase classname="com.ui.tests.LoginTest" name="loginExcelTest" time="0.0">
    <skipped/>
  </testcase> <!-- loginExcelTest -->
  <testcase classname="com.ui.tests.LoginTest" name="loginJsonTest" time="0.0">
    <ignored/>
  </testcase> <!-- loginJsonTest -->
  <testcase classname="com.ui.tests.LoginTest" name="loginCSVTest" time="0.0">
    <ignored/>
  </testcase> <!-- loginCSVTest -->
</testsuite> <!-- UI Automation Test -->
