<?xml version="1.0" encoding="UTF-8"?>
<!-- Generated by org.testng.reporters.JUnitXMLReporter -->
<testsuite ignored="2" hostname="WS-19080" failures="0" tests="0" time="0.001" errors="0" timestamp="2025-07-20T14:40:14 IST">
  <testcase classname="AutomationFramework.tests.ErrorValidationTest" name="incorrectCreds" time="0.0">
    <ignored/>
  </testcase> <!-- incorrectCreds -->
  <testcase classname="AutomationFramework.tests.ErrorValidationTest" name="ProductErrorValidation" time="0.0">
    <ignored/>
  </testcase> <!-- ProductErrorValidation -->
</testsuite>
