<?xml version="1.0" encoding="UTF-8"?>
<!-- Generated by org.testng.reporters.JUnitXMLReporter -->
<testsuite ignored="1" hostname="DESKTOP-6BCGIB4" failures="0" tests="2" name="Submit order Test" time="36.377" errors="0" timestamp="2025-01-02T00:29:03 IST">
  <testcase classname="AutomationFramework.tests.SubmitorderTest" name="submitorder" time="13.63"/>
  <testcase classname="AutomationFramework.tests.SubmitorderTest" name="submitorder" time="13.543"/>
  <testcase classname="AutomationFramework.tests.SubmitorderTest" name="Verifyorder" time="0.0">
    <ignored/>
  </testcase> <!-- Verifyorder -->
</testsuite> <!-- Submit order Test -->
