<?xml version="1.0" encoding="UTF-8"?>
<!-- Generated by org.testng.reporters.JUnitXMLReporter -->
<testsuite ignored="1" hostname="DESKTOP-6BCGIB4" failures="0" tests="2" name="Submit order Test" time="36.866" errors="0" timestamp="2025-01-26T18:25:51 IST">
  <testcase classname="AutomationFramework.tests.SubmitorderTest" name="submitorder" time="14.061"/>
  <testcase classname="AutomationFramework.tests.SubmitorderTest" name="submitorder" time="14.173"/>
  <testcase classname="AutomationFramework.tests.SubmitorderTest" name="Verifyorder" time="0.0">
    <ignored/>
  </testcase> <!-- Verifyorder -->
</testsuite> <!-- Submit order Test -->
